{"meta": {"format": 3, "version": "7.11.0", "timestamp": "2025-10-19T00:51:05.061317", "branch_coverage": true, "show_contexts": false}, "files": {"scripts/run_100_percent_coverage.py": {"executed_lines": [], "summary": {"covered_lines": 0, "num_statements": 189, "percent_covered": 0.0, "percent_covered_display": "0.00", "missing_lines": 189, "excluded_lines": 2, "num_branches": 44, "num_partial_branches": 0, "covered_branches": 0, "missing_branches": 44}, "missing_lines": [7, 8, 9, 10, 11, 12, 13, 16, 19, 20, 21, 22, 24, 26, 28, 29, 30, 31, 34, 48, 49, 50, 51, 53, 54, 56, 57, 58, 63, 64, 65, 67, 68, 70, 71, 73, 79, 81, 84, 85, 86, 87, 88, 89, 91, 94, 95, 97, 99, 101, 102, 104, 106, 225, 226, 227, 229, 231, 233, 236, 239, 242, 244, 246, 249, 270, 271, 272, 274, 276, 279, 287, 288, 289, 290, 291, 292, 294, 296, 299, 334, 335, 336, 338, 340, 343, 344, 345, 346, 347, 350, 351, 352, 355, 358, 363, 365, 370, 371, 373, 374, 375, 377, 382, 384, 386, 389, 390, 391, 392, 417, 418, 419, 469, 471, 474, 475, 476, 477, 480, 481, 484, 487, 492, 493, 494, 495, 496, 497, 498, 500, 505, 507, 509, 512, 548, 549, 552, 553, 556, 557, 609, 610, 635, 636, 649, 651, 654, 655, 658, 659, 748, 749, 756, 758, 759, 761, 764, 767, 770, 773, 774, 776, 777, 778, 779, 780, 782, 784, 785, 786, 787, 788, 790, 791, 792, 793, 795, 803, 804, 806, 807, 808, 810, 812, 813, 814, 816, 817], "excluded_lines": [820, 821], "executed_branches": [], "missing_branches": [[29, 30], [29, 73], [49, 50], [49, 70], [56, 57], [56, 63], [63, 64], [63, 67], [85, -79], [85, 86], [87, 85], [87, 88], [97, -91], [97, 99], [101, -91], [101, 102], [287, -274], [287, 288], [289, 287], [289, 290], [351, 352], [351, 355], [363, 365], [363, 382], [373, 374], [373, 382], [390, 391], [390, 417], [475, 476], [475, 480], [492, 493], [492, 505], [495, 496], [495, 505], [776, 777], [776, 782], [777, 778], [777, 779], [779, 776], [779, 780], [790, 791], [790, 795], [812, 813], [812, 816]], "functions": {"CoverageAchiever.__init__": {"executed_lines": [], "summary": {"covered_lines": 0, "num_statements": 3, "percent_covered": 0.0, "percent_covered_display": "0.00", "missing_lines": 3, "excluded_lines": 0, "num_branches": 0, "num_partial_branches": 0, "covered_branches": 0, "missing_branches": 0}, "missing_lines": [20, 21, 22], "excluded_lines": [], "executed_branches": [], "missing_branches": []}, "CoverageAchiever.run_python_tests_with_coverage": {"executed_lines": [], "summary": {"covered_lines": 0, "num_statements": 23, "percent_covered": 0.0, "percent_covered_display": "0.00", "missing_lines": 23, "excluded_lines": 0, "num_branches": 8, "num_partial_branches": 0, "covered_branches": 0, "missing_branches": 8}, "missing_lines": [26, 28, 29, 30, 31, 34, 48, 49, 50, 51, 53, 54, 56, 57, 58, 63, 64, 65, 67, 68, 70, 71, 73], "excluded_lines": [], "executed_branches": [], "missing_branches": [[29, 30], [29, 73], [49, 50], [49, 70], [56, 57], [56, 63], [63, 64], [63, 67]]}, "CoverageAchiever.add_missing_tests": {"executed_lines": [], "summary": {"covered_lines": 0, "num_statements": 7, "percent_covered": 0.0, "percent_covered_display": "0.00", "missing_lines": 7, "excluded_lines": 0, "num_branches": 4, "num_partial_branches": 0, "covered_branches": 0, "missing_branches": 4}, "missing_lines": [81, 84, 85, 86, 87, 88, 89], "excluded_lines": [], "executed_branches": [], "missing_branches": [[85, -79], [85, 86], [87, 85], [87, 88]]}, "CoverageAchiever.create_tests_for_file": {"executed_lines": [], "summary": {"covered_lines": 0, "num_statements": 6, "percent_covered": 0.0, "percent_covered_display": "0.00", "missing_lines": 6, "excluded_lines": 0, "num_branches": 4, "num_partial_branches": 0, "covered_branches": 0, "missing_branches": 4}, "missing_lines": [94, 95, 97, 99, 101, 102], "excluded_lines": [], "executed_branches": [], "missing_branches": [[97, -91], [97, 99], [101, -91], [101, 102]]}, "CoverageAchiever.create_comprehensive_test_file": {"executed_lines": [], "summary": {"covered_lines": 0, "num_statements": 5, "percent_covered": 0.0, "percent_covered_display": "0.00", "missing_lines": 5, "excluded_lines": 0, "num_branches": 0, "num_partial_branches": 0, "covered_branches": 0, "missing_branches": 0}, "missing_lines": [106, 225, 226, 227, 229], "excluded_lines": [], "executed_branches": [], "missing_branches": []}, "CoverageAchiever.fix_coverage_issues": {"executed_lines": [], "summary": {"covered_lines": 0, "num_statements": 4, "percent_covered": 0.0, "percent_covered_display": "0.00", "missing_lines": 4, "excluded_lines": 0, "num_branches": 0, "num_partial_branches": 0, "covered_branches": 0, "missing_branches": 0}, "missing_lines": [233, 236, 239, 242], "excluded_lines": [], "executed_branches": [], "missing_branches": []}, "CoverageAchiever.fix_mongodb_issues": {"executed_lines": [], "summary": {"covered_lines": 0, "num_statements": 5, "percent_covered": 0.0, "percent_covered_display": "0.00", "missing_lines": 5, "excluded_lines": 0, "num_branches": 0, "num_partial_branches": 0, "covered_branches": 0, "missing_branches": 0}, "missing_lines": [246, 249, 270, 271, 272], "excluded_lines": [], "executed_branches": [], "missing_branches": []}, "CoverageAchiever.fix_import_issues": {"executed_lines": [], "summary": {"covered_lines": 0, "num_statements": 8, "percent_covered": 0.0, "percent_covered_display": "0.00", "missing_lines": 8, "excluded_lines": 0, "num_branches": 4, "num_partial_branches": 0, "covered_branches": 0, "missing_branches": 4}, "missing_lines": [276, 279, 287, 288, 289, 290, 291, 292], "excluded_lines": [], "executed_branches": [], "missing_branches": [[287, -274], [287, 288], [289, 287], [289, 290]]}, "CoverageAchiever.fix_test_collection": {"executed_lines": [], "summary": {"covered_lines": 0, "num_statements": 5, "percent_covered": 0.0, "percent_covered_display": "0.00", "missing_lines": 5, "excluded_lines": 0, "num_branches": 0, "num_partial_branches": 0, "covered_branches": 0, "missing_branches": 0}, "missing_lines": [296, 299, 334, 335, 336], "excluded_lines": [], "executed_branches": [], "missing_branches": []}, "CoverageAchiever.run_go_tests": {"executed_lines": [], "summary": {"covered_lines": 0, "num_statements": 20, "percent_covered": 0.0, "percent_covered_display": "0.00", "missing_lines": 20, "excluded_lines": 0, "num_branches": 6, "num_partial_branches": 0, "covered_branches": 0, "missing_branches": 6}, "missing_lines": [340, 343, 344, 345, 346, 347, 350, 351, 352, 355, 358, 363, 365, 370, 371, 373, 374, 375, 377, 382], "excluded_lines": [], "executed_branches": [], "missing_branches": [[351, 352], [351, 355], [363, 365], [363, 382], [373, 374], [373, 382]]}, "CoverageAchiever.create_go_tests": {"executed_lines": [], "summary": {"covered_lines": 0, "num_statements": 8, "percent_covered": 0.0, "percent_covered_display": "0.00", "missing_lines": 8, "excluded_lines": 0, "num_branches": 2, "num_partial_branches": 0, "covered_branches": 0, "missing_branches": 2}, "missing_lines": [386, 389, 390, 391, 392, 417, 418, 419], "excluded_lines": [], "executed_branches": [], "missing_branches": [[390, 391], [390, 417]]}, "CoverageAchiever.run_react_tests": {"executed_lines": [], "summary": {"covered_lines": 0, "num_statements": 18, "percent_covered": 0.0, "percent_covered_display": "0.00", "missing_lines": 18, "excluded_lines": 0, "num_branches": 6, "num_partial_branches": 0, "covered_branches": 0, "missing_branches": 6}, "missing_lines": [471, 474, 475, 476, 477, 480, 481, 484, 487, 492, 493, 494, 495, 496, 497, 498, 500, 505], "excluded_lines": [], "executed_branches": [], "missing_branches": [[475, 476], [475, 480], [492, 493], [492, 505], [495, 496], [495, 505]]}, "CoverageAchiever.create_react_project": {"executed_lines": [], "summary": {"covered_lines": 0, "num_statements": 12, "percent_covered": 0.0, "percent_covered_display": "0.00", "missing_lines": 12, "excluded_lines": 0, "num_branches": 0, "num_partial_branches": 0, "covered_branches": 0, "missing_branches": 0}, "missing_lines": [509, 512, 548, 549, 552, 553, 556, 557, 609, 610, 635, 636], "excluded_lines": [], "executed_branches": [], "missing_branches": []}, "CoverageAchiever.create_react_tests": {"executed_lines": [], "summary": {"covered_lines": 0, "num_statements": 7, "percent_covered": 0.0, "percent_covered_display": "0.00", "missing_lines": 7, "excluded_lines": 0, "num_branches": 0, "num_partial_branches": 0, "covered_branches": 0, "missing_branches": 0}, "missing_lines": [651, 654, 655, 658, 659, 748, 749], "excluded_lines": [], "executed_branches": [], "missing_branches": []}, "CoverageAchiever.run_all_tests": {"executed_lines": [], "summary": {"covered_lines": 0, "num_statements": 24, "percent_covered": 0.0, "percent_covered_display": "0.00", "missing_lines": 24, "excluded_lines": 0, "num_branches": 8, "num_partial_branches": 0, "covered_branches": 0, "missing_branches": 8}, "missing_lines": [758, 759, 761, 764, 767, 770, 773, 774, 776, 777, 778, 779, 780, 782, 784, 785, 786, 787, 788, 790, 791, 792, 793, 795], "excluded_lines": [], "executed_branches": [], "missing_branches": [[776, 777], [776, 782], [777, 778], [777, 779], [779, 776], [779, 780], [790, 791], [790, 795]]}, "main": {"executed_lines": [], "summary": {"covered_lines": 0, "num_statements": 10, "percent_covered": 0.0, "percent_covered_display": "0.00", "missing_lines": 10, "excluded_lines": 0, "num_branches": 2, "num_partial_branches": 0, "covered_branches": 0, "missing_branches": 2}, "missing_lines": [804, 806, 807, 808, 810, 812, 813, 814, 816, 817], "excluded_lines": [], "executed_branches": [], "missing_branches": [[812, 813], [812, 816]]}, "": {"executed_lines": [], "summary": {"covered_lines": 0, "num_statements": 24, "percent_covered": 0.0, "percent_covered_display": "0.00", "missing_lines": 24, "excluded_lines": 2, "num_branches": 0, "num_partial_branches": 0, "covered_branches": 0, "missing_branches": 0}, "missing_lines": [7, 8, 9, 10, 11, 12, 13, 16, 19, 24, 79, 91, 104, 231, 244, 274, 294, 338, 384, 469, 507, 649, 756, 803], "excluded_lines": [820, 821], "executed_branches": [], "missing_branches": []}}, "classes": {"CoverageAchiever": {"executed_lines": [], "summary": {"covered_lines": 0, "num_statements": 155, "percent_covered": 0.0, "percent_covered_display": "0.00", "missing_lines": 155, "excluded_lines": 0, "num_branches": 42, "num_partial_branches": 0, "covered_branches": 0, "missing_branches": 42}, "missing_lines": [20, 21, 22, 26, 28, 29, 30, 31, 34, 48, 49, 50, 51, 53, 54, 56, 57, 58, 63, 64, 65, 67, 68, 70, 71, 73, 81, 84, 85, 86, 87, 88, 89, 94, 95, 97, 99, 101, 102, 106, 225, 226, 227, 229, 233, 236, 239, 242, 246, 249, 270, 271, 272, 276, 279, 287, 288, 289, 290, 291, 292, 296, 299, 334, 335, 336, 340, 343, 344, 345, 346, 347, 350, 351, 352, 355, 358, 363, 365, 370, 371, 373, 374, 375, 377, 382, 386, 389, 390, 391, 392, 417, 418, 419, 471, 474, 475, 476, 477, 480, 481, 484, 487, 492, 493, 494, 495, 496, 497, 498, 500, 505, 509, 512, 548, 549, 552, 553, 556, 557, 609, 610, 635, 636, 651, 654, 655, 658, 659, 748, 749, 758, 759, 761, 764, 767, 770, 773, 774, 776, 777, 778, 779, 780, 782, 784, 785, 786, 787, 788, 790, 791, 792, 793, 795], "excluded_lines": [], "executed_branches": [], "missing_branches": [[29, 30], [29, 73], [49, 50], [49, 70], [56, 57], [56, 63], [63, 64], [63, 67], [85, -79], [85, 86], [87, 85], [87, 88], [97, -91], [97, 99], [101, -91], [101, 102], [287, -274], [287, 288], [289, 287], [289, 290], [351, 352], [351, 355], [363, 365], [363, 382], [373, 374], [373, 382], [390, 391], [390, 417], [475, 476], [475, 480], [492, 493], [492, 505], [495, 496], [495, 505], [776, 777], [776, 782], [777, 778], [777, 779], [779, 776], [779, 780], [790, 791], [790, 795]]}, "": {"executed_lines": [], "summary": {"covered_lines": 0, "num_statements": 34, "percent_covered": 0.0, "percent_covered_display": "0.00", "missing_lines": 34, "excluded_lines": 2, "num_branches": 2, "num_partial_branches": 0, "covered_branches": 0, "missing_branches": 2}, "missing_lines": [7, 8, 9, 10, 11, 12, 13, 16, 19, 24, 79, 91, 104, 231, 244, 274, 294, 338, 384, 469, 507, 649, 756, 803, 804, 806, 807, 808, 810, 812, 813, 814, 816, 817], "excluded_lines": [820, 821], "executed_branches": [], "missing_branches": [[812, 813], [812, 816]]}}}, "scripts/run_100_percent_coverage_comprehensive.py": {"executed_lines": [], "summary": {"covered_lines": 0, "num_statements": 187, "percent_covered": 0.0, "percent_covered_display": "0.00", "missing_lines": 187, "excluded_lines": 2, "num_branches": 52, "num_partial_branches": 0, "covered_branches": 0, "missing_branches": 52}, "missing_lines": [7, 8, 9, 10, 11, 12, 13, 14, 15, 18, 19, 21, 24, 25, 26, 27, 30, 38, 41, 48, 50, 52, 54, 56, 70, 73, 74, 75, 76, 77, 80, 83, 86, 89, 90, 91, 93, 102, 103, 104, 110, 112, 114, 115, 117, 118, 119, 120, 122, 123, 130, 132, 134, 136, 137, 138, 140, 143, 144, 145, 146, 148, 151, 154, 156, 157, 159, 161, 163, 165, 287, 289, 291, 293, 295, 296, 297, 304, 313, 316, 318, 326, 327, 328, 334, 336, 337, 338, 340, 342, 343, 345, 346, 347, 348, 350, 351, 353, 354, 355, 356, 357, 359, 360, 361, 362, 363, 364, 365, 369, 370, 372, 378, 380, 381, 382, 384, 386, 388, 390, 391, 392, 399, 400, 401, 408, 419, 422, 423, 424, 425, 426, 428, 436, 437, 438, 444, 446, 491, 492, 493, 495, 497, 499, 502, 503, 504, 507, 508, 509, 512, 513, 514, 515, 516, 518, 521, 522, 525, 526, 527, 528, 529, 530, 531, 534, 539, 540, 542, 544, 546, 547, 548, 549, 550, 552, 554, 556, 557, 558, 559, 560, 561, 562, 563, 564, 566], "excluded_lines": [568, 569], "executed_branches": [], "missing_branches": [[75, 76], [75, 80], [89, 90], [89, 93], [114, 115], [114, 117], [117, 118], [117, 130], [118, 117], [118, 119], [122, 117], [122, 123], [136, -132], [136, 137], [143, 144], [143, 145], [145, 146], [145, 148], [296, 297], [296, 304], [337, 338], [337, 340], [345, 346], [345, 378], [350, 351], [350, 372], [351, 353], [351, 357], [355, 350], [355, 356], [357, 350], [357, 359], [360, 350], [360, 361], [391, 392], [391, 399], [400, 401], [400, 408], [424, 425], [424, 428], [515, 516], [515, 518], [539, 540], [539, 542], [556, 557], [556, 558], [558, 559], [558, 560], [560, 561], [560, 566], [563, -544], [563, 564]], "functions": {"ComprehensiveCoverageRunner.__init__": {"executed_lines": [], "summary": {"covered_lines": 0, "num_statements": 7, "percent_covered": 0.0, "percent_covered_display": "0.00", "missing_lines": 7, "excluded_lines": 0, "num_branches": 0, "num_partial_branches": 0, "covered_branches": 0, "missing_branches": 0}, "missing_lines": [25, 26, 27, 30, 38, 41, 48], "excluded_lines": [], "executed_branches": [], "missing_branches": []}, "ComprehensiveCoverageRunner.run_python_tests_with_coverage": {"executed_lines": [], "summary": {"covered_lines": 0, "num_statements": 19, "percent_covered": 0.0, "percent_covered_display": "0.00", "missing_lines": 19, "excluded_lines": 0, "num_branches": 4, "num_partial_branches": 0, "covered_branches": 0, "missing_branches": 4}, "missing_lines": [52, 54, 56, 70, 73, 74, 75, 76, 77, 80, 83, 86, 89, 90, 91, 93, 102, 103, 104], "excluded_lines": [], "executed_branches": [], "missing_branches": [[75, 76], [75, 80], [89, 90], [89, 93]]}, "ComprehensiveCoverageRunner._analyze_python_coverage_gaps": {"executed_lines": [], "summary": {"covered_lines": 0, "num_statements": 10, "percent_covered": 0.0, "percent_covered_display": "0.00", "missing_lines": 10, "excluded_lines": 0, "num_branches": 8, "num_partial_branches": 0, "covered_branches": 0, "missing_branches": 8}, "missing_lines": [112, 114, 115, 117, 118, 119, 120, 122, 123, 130], "excluded_lines": [], "executed_branches": [], "missing_branches": [[114, 115], [114, 117], [117, 118], [117, 130], [118, 117], [118, 119], [122, 117], [122, 123]]}, "ComprehensiveCoverageRunner._generate_additional_python_tests": {"executed_lines": [], "summary": {"covered_lines": 0, "num_statements": 15, "percent_covered": 0.0, "percent_covered_display": "0.00", "missing_lines": 15, "excluded_lines": 0, "num_branches": 6, "num_partial_branches": 0, "covered_branches": 0, "missing_branches": 6}, "missing_lines": [134, 136, 137, 138, 140, 143, 144, 145, 146, 148, 151, 154, 156, 157, 159], "excluded_lines": [], "executed_branches": [], "missing_branches": [[136, -132], [136, 137], [143, 144], [143, 145], [145, 146], [145, 148]]}, "ComprehensiveCoverageRunner._generate_test_content": {"executed_lines": [], "summary": {"covered_lines": 0, "num_statements": 3, "percent_covered": 0.0, "percent_covered_display": "0.00", "missing_lines": 3, "excluded_lines": 0, "num_branches": 0, "num_partial_branches": 0, "covered_branches": 0, "missing_branches": 0}, "missing_lines": [163, 165, 287], "excluded_lines": [], "executed_branches": [], "missing_branches": []}, "ComprehensiveCoverageRunner.run_go_tests_with_coverage": {"executed_lines": [], "summary": {"covered_lines": 0, "num_statements": 12, "percent_covered": 0.0, "percent_covered_display": "0.00", "missing_lines": 12, "excluded_lines": 0, "num_branches": 2, "num_partial_branches": 0, "covered_branches": 0, "missing_branches": 2}, "missing_lines": [291, 293, 295, 296, 297, 304, 313, 316, 318, 326, 327, 328], "excluded_lines": [], "executed_branches": [], "missing_branches": [[296, 297], [296, 304]]}, "ComprehensiveCoverageRunner._generate_go_coverage_analysis": {"executed_lines": [], "summary": {"covered_lines": 0, "num_statements": 31, "percent_covered": 0.0, "percent_covered_display": "0.00", "missing_lines": 31, "excluded_lines": 0, "num_branches": 14, "num_partial_branches": 0, "covered_branches": 0, "missing_branches": 14}, "missing_lines": [336, 337, 338, 340, 342, 343, 345, 346, 347, 348, 350, 351, 353, 354, 355, 356, 357, 359, 360, 361, 362, 363, 364, 365, 369, 370, 372, 378, 380, 381, 382], "excluded_lines": [], "executed_branches": [], "missing_branches": [[337, 338], [337, 340], [345, 346], [345, 378], [350, 351], [350, 372], [351, 353], [351, 357], [355, 350], [355, 356], [357, 350], [357, 359], [360, 350], [360, 361]]}, "ComprehensiveCoverageRunner.run_react_tests_with_coverage": {"executed_lines": [], "summary": {"covered_lines": 0, "num_statements": 19, "percent_covered": 0.0, "percent_covered_display": "0.00", "missing_lines": 19, "excluded_lines": 0, "num_branches": 6, "num_partial_branches": 0, "covered_branches": 0, "missing_branches": 6}, "missing_lines": [386, 388, 390, 391, 392, 399, 400, 401, 408, 419, 422, 423, 424, 425, 426, 428, 436, 437, 438], "excluded_lines": [], "executed_branches": [], "missing_branches": [[391, 392], [391, 399], [400, 401], [400, 408], [424, 425], [424, 428]]}, "ComprehensiveCoverageRunner.generate_coverage_report": {"executed_lines": [], "summary": {"covered_lines": 0, "num_statements": 5, "percent_covered": 0.0, "percent_covered_display": "0.00", "missing_lines": 5, "excluded_lines": 0, "num_branches": 0, "num_partial_branches": 0, "covered_branches": 0, "missing_branches": 0}, "missing_lines": [446, 491, 492, 493, 495], "excluded_lines": [], "executed_branches": [], "missing_branches": []}, "ComprehensiveCoverageRunner.run_comprehensive_coverage_analysis": {"executed_lines": [], "summary": {"covered_lines": 0, "num_statements": 26, "percent_covered": 0.0, "percent_covered_display": "0.00", "missing_lines": 26, "excluded_lines": 0, "num_branches": 4, "num_partial_branches": 0, "covered_branches": 0, "missing_branches": 4}, "missing_lines": [499, 502, 503, 504, 507, 508, 509, 512, 513, 514, 515, 516, 518, 521, 522, 525, 526, 527, 528, 529, 530, 531, 534, 539, 540, 542], "excluded_lines": [], "executed_branches": [], "missing_branches": [[515, 516], [515, 518], [539, 540], [539, 542]]}, "main": {"executed_lines": [], "summary": {"covered_lines": 0, "num_statements": 17, "percent_covered": 0.0, "percent_covered_display": "0.00", "missing_lines": 17, "excluded_lines": 0, "num_branches": 8, "num_partial_branches": 0, "covered_branches": 0, "missing_branches": 8}, "missing_lines": [546, 547, 548, 549, 550, 552, 554, 556, 557, 558, 559, 560, 561, 562, 563, 564, 566], "excluded_lines": [], "executed_branches": [], "missing_branches": [[556, 557], [556, 558], [558, 559], [558, 560], [560, 561], [560, 566], [563, -544], [563, 564]]}, "": {"executed_lines": [], "summary": {"covered_lines": 0, "num_statements": 23, "percent_covered": 0.0, "percent_covered_display": "0.00", "missing_lines": 23, "excluded_lines": 2, "num_branches": 0, "num_partial_branches": 0, "covered_branches": 0, "missing_branches": 0}, "missing_lines": [7, 8, 9, 10, 11, 12, 13, 14, 15, 18, 19, 21, 24, 50, 110, 132, 161, 289, 334, 384, 444, 497, 544], "excluded_lines": [568, 569], "executed_branches": [], "missing_branches": []}}, "classes": {"ComprehensiveCoverageRunner": {"executed_lines": [], "summary": {"covered_lines": 0, "num_statements": 147, "percent_covered": 0.0, "percent_covered_display": "0.00", "missing_lines": 147, "excluded_lines": 0, "num_branches": 44, "num_partial_branches": 0, "covered_branches": 0, "missing_branches": 44}, "missing_lines": [25, 26, 27, 30, 38, 41, 48, 52, 54, 56, 70, 73, 74, 75, 76, 77, 80, 83, 86, 89, 90, 91, 93, 102, 103, 104, 112, 114, 115, 117, 118, 119, 120, 122, 123, 130, 134, 136, 137, 138, 140, 143, 144, 145, 146, 148, 151, 154, 156, 157, 159, 163, 165, 287, 291, 293, 295, 296, 297, 304, 313, 316, 318, 326, 327, 328, 336, 337, 338, 340, 342, 343, 345, 346, 347, 348, 350, 351, 353, 354, 355, 356, 357, 359, 360, 361, 362, 363, 364, 365, 369, 370, 372, 378, 380, 381, 382, 386, 388, 390, 391, 392, 399, 400, 401, 408, 419, 422, 423, 424, 425, 426, 428, 436, 437, 438, 446, 491, 492, 493, 495, 499, 502, 503, 504, 507, 508, 509, 512, 513, 514, 515, 516, 518, 521, 522, 525, 526, 527, 528, 529, 530, 531, 534, 539, 540, 542], "excluded_lines": [], "executed_branches": [], "missing_branches": [[75, 76], [75, 80], [89, 90], [89, 93], [114, 115], [114, 117], [117, 118], [117, 130], [118, 117], [118, 119], [122, 117], [122, 123], [136, -132], [136, 137], [143, 144], [143, 145], [145, 146], [145, 148], [296, 297], [296, 304], [337, 338], [337, 340], [345, 346], [345, 378], [350, 351], [350, 372], [351, 353], [351, 357], [355, 350], [355, 356], [357, 350], [357, 359], [360, 350], [360, 361], [391, 392], [391, 399], [400, 401], [400, 408], [424, 425], [424, 428], [515, 516], [515, 518], [539, 540], [539, 542]]}, "": {"executed_lines": [], "summary": {"covered_lines": 0, "num_statements": 40, "percent_covered": 0.0, "percent_covered_display": "0.00", "missing_lines": 40, "excluded_lines": 2, "num_branches": 8, "num_partial_branches": 0, "covered_branches": 0, "missing_branches": 8}, "missing_lines": [7, 8, 9, 10, 11, 12, 13, 14, 15, 18, 19, 21, 24, 50, 110, 132, 161, 289, 334, 384, 444, 497, 544, 546, 547, 548, 549, 550, 552, 554, 556, 557, 558, 559, 560, 561, 562, 563, 564, 566], "excluded_lines": [568, 569], "executed_branches": [], "missing_branches": [[556, 557], [556, 558], [558, 559], [558, 560], [560, 561], [560, 566], [563, -544], [563, 564]]}}}, "scripts/run_digger.py": {"executed_lines": [3, 8, 9, 10, 13, 15, 16, 17, 18, 19, 22, 23, 24, 25, 28, 31, 32, 33, 35, 36, 37, 44, 45, 46, 48, 49, 50, 57, 88, 89, 94, 97, 98, 100], "summary": {"covered_lines": 33, "num_statements": 57, "percent_covered": 52.38095238095238, "percent_covered_display": "52.38", "missing_lines": 24, "excluded_lines": 0, "num_branches": 6, "num_partial_branches": 0, "covered_branches": 0, "missing_branches": 6}, "missing_lines": [38, 39, 40, 41, 51, 52, 53, 54, 64, 65, 66, 71, 74, 75, 78, 79, 82, 83, 102, 103, 104, 105, 106, 107], "excluded_lines": [], "executed_branches": [], "missing_branches": [[65, 66], [65, 78], [74, 65], [74, 75], [82, -57], [82, 83]], "functions": {"start_digg": {"executed_lines": [], "summary": {"covered_lines": 0, "num_statements": 10, "percent_covered": 0.0, "percent_covered_display": "0.00", "missing_lines": 10, "excluded_lines": 0, "num_branches": 6, "num_partial_branches": 0, "covered_branches": 0, "missing_branches": 6}, "missing_lines": [64, 65, 66, 71, 74, 75, 78, 79, 82, 83], "excluded_lines": [], "executed_branches": [], "missing_branches": [[65, 66], [65, 78], [74, 65], [74, 75], [82, -57], [82, 83]]}, "": {"executed_lines": [3, 8, 9, 10, 13, 15, 16, 17, 18, 19, 22, 23, 24, 25, 28, 31, 32, 33, 35, 36, 37, 44, 45, 46, 48, 49, 50, 57, 88, 89, 94, 97, 98, 100], "summary": {"covered_lines": 33, "num_statements": 47, "percent_covered": 70.2127659574468, "percent_covered_display": "70.21", "missing_lines": 14, "excluded_lines": 0, "num_branches": 0, "num_partial_branches": 0, "covered_branches": 0, "missing_branches": 0}, "missing_lines": [38, 39, 40, 41, 51, 52, 53, 54, 102, 103, 104, 105, 106, 107], "excluded_lines": [], "executed_branches": [], "missing_branches": []}}, "classes": {"": {"executed_lines": [3, 8, 9, 10, 13, 15, 16, 17, 18, 19, 22, 23, 24, 25, 28, 31, 32, 33, 35, 36, 37, 44, 45, 46, 48, 49, 50, 57, 88, 89, 94, 97, 98, 100], "summary": {"covered_lines": 33, "num_statements": 57, "percent_covered": 52.38095238095238, "percent_covered_display": "52.38", "missing_lines": 24, "excluded_lines": 0, "num_branches": 6, "num_partial_branches": 0, "covered_branches": 0, "missing_branches": 6}, "missing_lines": [38, 39, 40, 41, 51, 52, 53, 54, 64, 65, 66, 71, 74, 75, 78, 79, 82, 83, 102, 103, 104, 105, 106, 107], "excluded_lines": [], "executed_branches": [], "missing_branches": [[65, 66], [65, 78], [74, 65], [74, 75], [82, -57], [82, 83]]}}}, "scripts/run_fetcher.py": {"executed_lines": [3, 8, 9, 10, 13, 15, 16, 17, 18, 21, 22, 23, 26, 30, 31, 32, 34, 36, 37, 44, 45, 63], "summary": {"covered_lines": 21, "num_statements": 33, "percent_covered": 59.45945945945946, "percent_covered_display": "59.46", "missing_lines": 12, "excluded_lines": 0, "num_branches": 4, "num_partial_branches": 1, "covered_branches": 1, "missing_branches": 3}, "missing_lines": [38, 39, 40, 41, 47, 52, 55, 56, 58, 59, 60, 61], "excluded_lines": [], "executed_branches": [[45, 63]], "missing_branches": [[45, 47], [55, 45], [55, 56]], "functions": {"": {"executed_lines": [3, 8, 9, 10, 13, 15, 16, 17, 18, 21, 22, 23, 26, 30, 31, 32, 34, 36, 37, 44, 45, 63], "summary": {"covered_lines": 21, "num_statements": 33, "percent_covered": 59.45945945945946, "percent_covered_display": "59.46", "missing_lines": 12, "excluded_lines": 0, "num_branches": 4, "num_partial_branches": 1, "covered_branches": 1, "missing_branches": 3}, "missing_lines": [38, 39, 40, 41, 47, 52, 55, 56, 58, 59, 60, 61], "excluded_lines": [], "executed_branches": [[45, 63]], "missing_branches": [[45, 47], [55, 45], [55, 56]]}}, "classes": {"": {"executed_lines": [3, 8, 9, 10, 13, 15, 16, 17, 18, 21, 22, 23, 26, 30, 31, 32, 34, 36, 37, 44, 45, 63], "summary": {"covered_lines": 21, "num_statements": 33, "percent_covered": 59.45945945945946, "percent_covered_display": "59.46", "missing_lines": 12, "excluded_lines": 0, "num_branches": 4, "num_partial_branches": 1, "covered_branches": 1, "missing_branches": 3}, "missing_lines": [38, 39, 40, 41, 47, 52, 55, 56, 58, 59, 60, 61], "excluded_lines": [], "executed_branches": [[45, 63]], "missing_branches": [[45, 47], [55, 45], [55, 56]]}}}, "scripts/run_paginater.py": {"executed_lines": [3, 8, 9, 10, 13, 15, 16, 17, 18, 19, 22, 23, 24, 25, 28, 31, 32, 33, 35, 36, 37, 44, 45, 46, 48, 49, 50, 57, 90, 92, 96, 97, 104, 105, 107], "summary": {"covered_lines": 34, "num_statements": 62, "percent_covered": 47.2972972972973, "percent_covered_display": "47.30", "missing_lines": 28, "excluded_lines": 0, "num_branches": 12, "num_partial_branches": 1, "covered_branches": 1, "missing_branches": 11}, "missing_lines": [38, 39, 40, 41, 51, 52, 53, 54, 64, 65, 66, 71, 74, 75, 78, 79, 82, 83, 98, 99, 100, 101, 109, 110, 111, 112, 113, 114], "excluded_lines": [], "executed_branches": [[97, 104]], "missing_branches": [[65, 66], [65, 78], [74, 65], [74, 75], [82, -57], [82, 83], [97, 98], [98, 97], [98, 99], [100, 97], [100, 101]], "functions": {"start_paginate": {"executed_lines": [], "summary": {"covered_lines": 0, "num_statements": 10, "percent_covered": 0.0, "percent_covered_display": "0.00", "missing_lines": 10, "excluded_lines": 0, "num_branches": 6, "num_partial_branches": 0, "covered_branches": 0, "missing_branches": 6}, "missing_lines": [64, 65, 66, 71, 74, 75, 78, 79, 82, 83], "excluded_lines": [], "executed_branches": [], "missing_branches": [[65, 66], [65, 78], [74, 65], [74, 75], [82, -57], [82, 83]]}, "": {"executed_lines": [3, 8, 9, 10, 13, 15, 16, 17, 18, 19, 22, 23, 24, 25, 28, 31, 32, 33, 35, 36, 37, 44, 45, 46, 48, 49, 50, 57, 90, 92, 96, 97, 104, 105, 107], "summary": {"covered_lines": 34, "num_statements": 52, "percent_covered": 60.3448275862069, "percent_covered_display": "60.34", "missing_lines": 18, "excluded_lines": 0, "num_branches": 6, "num_partial_branches": 1, "covered_branches": 1, "missing_branches": 5}, "missing_lines": [38, 39, 40, 41, 51, 52, 53, 54, 98, 99, 100, 101, 109, 110, 111, 112, 113, 114], "excluded_lines": [], "executed_branches": [[97, 104]], "missing_branches": [[97, 98], [98, 97], [98, 99], [100, 97], [100, 101]]}}, "classes": {"": {"executed_lines": [3, 8, 9, 10, 13, 15, 16, 17, 18, 19, 22, 23, 24, 25, 28, 31, 32, 33, 35, 36, 37, 44, 45, 46, 48, 49, 50, 57, 90, 92, 96, 97, 104, 105, 107], "summary": {"covered_lines": 34, "num_statements": 62, "percent_covered": 47.2972972972973, "percent_covered_display": "47.30", "missing_lines": 28, "excluded_lines": 0, "num_branches": 12, "num_partial_branches": 1, "covered_branches": 1, "missing_branches": 11}, "missing_lines": [38, 39, 40, 41, 51, 52, 53, 54, 64, 65, 66, 71, 74, 75, 78, 79, 82, 83, 98, 99, 100, 101, 109, 110, 111, 112, 113, 114], "excluded_lines": [], "executed_branches": [[97, 104]], "missing_branches": [[65, 66], [65, 78], [74, 65], [74, 75], [82, -57], [82, 83], [97, 98], [98, 97], [98, 99], [100, 97], [100, 101]]}}}, "scripts/run_parser.py": {"executed_lines": [3, 8, 9, 10, 13, 15, 16, 17, 18, 19, 20, 23, 24, 25, 26, 27, 30, 33, 34, 35, 37, 38, 39, 46, 47, 48, 50, 51, 52, 59, 95, 112, 146, 147, 152, 155, 156, 158], "summary": {"covered_lines": 37, "num_statements": 79, "percent_covered": 42.52873563218391, "percent_covered_display": "42.53", "missing_lines": 42, "excluded_lines": 0, "num_branches": 8, "num_partial_branches": 0, "covered_branches": 0, "missing_branches": 8}, "missing_lines": [40, 41, 42, 43, 53, 54, 55, 56, 70, 71, 73, 78, 83, 84, 86, 87, 89, 91, 92, 104, 105, 106, 108, 109, 119, 120, 123, 126, 129, 130, 133, 134, 136, 137, 139, 140, 160, 161, 162, 163, 164, 165], "excluded_lines": [], "executed_branches": [], "missing_branches": [[71, 73], [71, 91], [83, 84], [83, 86], [104, -95], [104, 105], [133, -112], [133, 134]], "functions": {"assoc_category": {"executed_lines": [], "summary": {"covered_lines": 0, "num_statements": 11, "percent_covered": 0.0, "percent_covered_display": "0.00", "missing_lines": 11, "excluded_lines": 0, "num_branches": 4, "num_partial_branches": 0, "covered_branches": 0, "missing_branches": 4}, "missing_lines": [70, 71, 73, 78, 83, 84, 86, 87, 89, 91, 92], "excluded_lines": [], "executed_branches": [], "missing_branches": [[71, 73], [71, 91], [83, 84], [83, 86]]}, "set_assoc": {"executed_lines": [], "summary": {"covered_lines": 0, "num_statements": 5, "percent_covered": 0.0, "percent_covered_display": "0.00", "missing_lines": 5, "excluded_lines": 0, "num_branches": 2, "num_partial_branches": 0, "covered_branches": 0, "missing_branches": 2}, "missing_lines": [104, 105, 106, 108, 109], "excluded_lines": [], "executed_branches": [], "missing_branches": [[104, -95], [104, 105]]}, "start_parse": {"executed_lines": [], "summary": {"covered_lines": 0, "num_statements": 12, "percent_covered": 0.0, "percent_covered_display": "0.00", "missing_lines": 12, "excluded_lines": 0, "num_branches": 2, "num_partial_branches": 0, "covered_branches": 0, "missing_branches": 2}, "missing_lines": [119, 120, 123, 126, 129, 130, 133, 134, 136, 137, 139, 140], "excluded_lines": [], "executed_branches": [], "missing_branches": [[133, -112], [133, 134]]}, "": {"executed_lines": [3, 8, 9, 10, 13, 15, 16, 17, 18, 19, 20, 23, 24, 25, 26, 27, 30, 33, 34, 35, 37, 38, 39, 46, 47, 48, 50, 51, 52, 59, 95, 112, 146, 147, 152, 155, 156, 158], "summary": {"covered_lines": 37, "num_statements": 51, "percent_covered": 72.54901960784314, "percent_covered_display": "72.55", "missing_lines": 14, "excluded_lines": 0, "num_branches": 0, "num_partial_branches": 0, "covered_branches": 0, "missing_branches": 0}, "missing_lines": [40, 41, 42, 43, 53, 54, 55, 56, 160, 161, 162, 163, 164, 165], "excluded_lines": [], "executed_branches": [], "missing_branches": []}}, "classes": {"": {"executed_lines": [3, 8, 9, 10, 13, 15, 16, 17, 18, 19, 20, 23, 24, 25, 26, 27, 30, 33, 34, 35, 37, 38, 39, 46, 47, 48, 50, 51, 52, 59, 95, 112, 146, 147, 152, 155, 156, 158], "summary": {"covered_lines": 37, "num_statements": 79, "percent_covered": 42.52873563218391, "percent_covered_display": "42.53", "missing_lines": 42, "excluded_lines": 0, "num_branches": 8, "num_partial_branches": 0, "covered_branches": 0, "missing_branches": 8}, "missing_lines": [40, 41, 42, 43, 53, 54, 55, 56, 70, 71, 73, 78, 83, 84, 86, 87, 89, 91, 92, 104, 105, 106, 108, 109, 119, 120, 123, 126, 129, 130, 133, 134, 136, 137, 139, 140, 160, 161, 162, 163, 164, 165], "excluded_lines": [], "executed_branches": [], "missing_branches": [[71, 73], [71, 91], [83, 84], [83, 86], [104, -95], [104, 105], [133, -112], [133, 134]]}}}, "spider/__init__.py": {"executed_lines": [2, 7], "summary": {"covered_lines": 1, "num_statements": 1, "percent_covered": 100.0, "percent_covered_display": "100.00", "missing_lines": 0, "excluded_lines": 0, "num_branches": 0, "num_partial_branches": 0, "covered_branches": 0, "missing_branches": 0}, "missing_lines": [], "excluded_lines": [], "executed_branches": [], "missing_branches": [], "functions": {"": {"executed_lines": [2, 7], "summary": {"covered_lines": 1, "num_statements": 1, "percent_covered": 100.0, "percent_covered_display": "100.00", "missing_lines": 0, "excluded_lines": 0, "num_branches": 0, "num_partial_branches": 0, "covered_branches": 0, "missing_branches": 0}, "missing_lines": [], "excluded_lines": [], "executed_branches": [], "missing_branches": []}}, "classes": {"": {"executed_lines": [2, 7], "summary": {"covered_lines": 1, "num_statements": 1, "percent_covered": 100.0, "percent_covered_display": "100.00", "missing_lines": 0, "excluded_lines": 0, "num_branches": 0, "num_partial_branches": 0, "covered_branches": 0, "missing_branches": 0}, "missing_lines": [], "excluded_lines": [], "executed_branches": [], "missing_branches": []}}}, "spider/digger.py": {"executed_lines": [2, 3, 6, 7, 12, 19, 20, 22, 29], "summary": {"covered_lines": 7, "num_statements": 7, "percent_covered": 100.0, "percent_covered_display": "100.00", "missing_lines": 0, "excluded_lines": 1, "num_branches": 0, "num_partial_branches": 0, "covered_branches": 0, "missing_branches": 0}, "missing_lines": [], "excluded_lines": [29], "executed_branches": [], "missing_branches": [], "functions": {"Digger.__init__": {"executed_lines": [19, 20], "summary": {"covered_lines": 2, "num_statements": 2, "percent_covered": 100.0, "percent_covered_display": "100.00", "missing_lines": 0, "excluded_lines": 0, "num_branches": 0, "num_partial_branches": 0, "covered_branches": 0, "missing_branches": 0}, "missing_lines": [], "excluded_lines": [], "executed_branches": [], "missing_branches": []}, "Digger.product_list": {"executed_lines": [29], "summary": {"covered_lines": 0, "num_statements": 0, "percent_covered": 100.0, "percent_covered_display": "100.00", "missing_lines": 0, "excluded_lines": 1, "num_branches": 0, "num_partial_branches": 0, "covered_branches": 0, "missing_branches": 0}, "missing_lines": [], "excluded_lines": [29], "executed_branches": [], "missing_branches": []}, "": {"executed_lines": [2, 3, 6, 7, 12, 22], "summary": {"covered_lines": 5, "num_statements": 5, "percent_covered": 100.0, "percent_covered_display": "100.00", "missing_lines": 0, "excluded_lines": 0, "num_branches": 0, "num_partial_branches": 0, "covered_branches": 0, "missing_branches": 0}, "missing_lines": [], "excluded_lines": [], "executed_branches": [], "missing_branches": []}}, "classes": {"Digger": {"executed_lines": [19, 20, 29], "summary": {"covered_lines": 2, "num_statements": 2, "percent_covered": 100.0, "percent_covered_display": "100.00", "missing_lines": 0, "excluded_lines": 1, "num_branches": 0, "num_partial_branches": 0, "covered_branches": 0, "missing_branches": 0}, "missing_lines": [], "excluded_lines": [29], "executed_branches": [], "missing_branches": []}, "": {"executed_lines": [2, 3, 6, 7, 12, 22], "summary": {"covered_lines": 5, "num_statements": 5, "percent_covered": 100.0, "percent_covered_display": "100.00", "missing_lines": 0, "excluded_lines": 0, "num_branches": 0, "num_partial_branches": 0, "covered_branches": 0, "missing_branches": 0}, "missing_lines": [], "excluded_lines": [], "executed_branches": [], "missing_branches": []}}}, "spider/digger/__init__.py": {"executed_lines": [5, 6, 7, 10, 11, 12, 13, 16, 19, 20, 21, 22, 23, 24, 27], "summary": {"covered_lines": 15, "num_statements": 15, "percent_covered": 100.0, "percent_covered_display": "100.00", "missing_lines": 0, "excluded_lines": 0, "num_branches": 0, "num_partial_branches": 0, "covered_branches": 0, "missing_branches": 0}, "missing_lines": [], "excluded_lines": [], "executed_branches": [], "missing_branches": [], "functions": {"": {"executed_lines": [5, 6, 7, 10, 11, 12, 13, 16, 19, 20, 21, 22, 23, 24, 27], "summary": {"covered_lines": 15, "num_statements": 15, "percent_covered": 100.0, "percent_covered_display": "100.00", "missing_lines": 0, "excluded_lines": 0, "num_branches": 0, "num_partial_branches": 0, "covered_branches": 0, "missing_branches": 0}, "missing_lines": [], "excluded_lines": [], "executed_branches": [], "missing_branches": []}}, "classes": {"": {"executed_lines": [5, 6, 7, 10, 11, 12, 13, 16, 19, 20, 21, 22, 23, 24, 27], "summary": {"covered_lines": 15, "num_statements": 15, "percent_covered": 100.0, "percent_covered_display": "100.00", "missing_lines": 0, "excluded_lines": 0, "num_branches": 0, "num_partial_branches": 0, "covered_branches": 0, "missing_branches": 0}, "missing_lines": [], "excluded_lines": [], "executed_branches": [], "missing_branches": []}}}, "spider/digger/dangdang_digger.py": {"executed_lines": [2, 3, 6, 7, 14, 15], "summary": {"covered_lines": 6, "num_statements": 6, "percent_covered": 100.0, "percent_covered_display": "100.00", "missing_lines": 0, "excluded_lines": 0, "num_branches": 0, "num_partial_branches": 0, "covered_branches": 0, "missing_branches": 0}, "missing_lines": [], "excluded_lines": [], "executed_branches": [], "missing_branches": [], "functions": {"DangdangDigger.product_list": {"executed_lines": [14, 15], "summary": {"covered_lines": 2, "num_statements": 2, "percent_covered": 100.0, "percent_covered_display": "100.00", "missing_lines": 0, "excluded_lines": 0, "num_branches": 0, "num_partial_branches": 0, "covered_branches": 0, "missing_branches": 0}, "missing_lines": [], "excluded_lines": [], "executed_branches": [], "missing_branches": []}, "": {"executed_lines": [2, 3, 6, 7], "summary": {"covered_lines": 4, "num_statements": 4, "percent_covered": 100.0, "percent_covered_display": "100.00", "missing_lines": 0, "excluded_lines": 0, "num_branches": 0, "num_partial_branches": 0, "covered_branches": 0, "missing_branches": 0}, "missing_lines": [], "excluded_lines": [], "executed_branches": [], "missing_branches": []}}, "classes": {"DangdangDigger": {"executed_lines": [14, 15], "summary": {"covered_lines": 2, "num_statements": 2, "percent_covered": 100.0, "percent_covered_display": "100.00", "missing_lines": 0, "excluded_lines": 0, "num_branches": 0, "num_partial_branches": 0, "covered_branches": 0, "missing_branches": 0}, "missing_lines": [], "excluded_lines": [], "executed_branches": [], "missing_branches": []}, "": {"executed_lines": [2, 3, 6, 7], "summary": {"covered_lines": 4, "num_statements": 4, "percent_covered": 100.0, "percent_covered_display": "100.00", "missing_lines": 0, "excluded_lines": 0, "num_branches": 0, "num_partial_branches": 0, "covered_branches": 0, "missing_branches": 0}, "missing_lines": [], "excluded_lines": [], "executed_branches": [], "missing_branches": []}}}, "spider/digger/gome_digger.py": {"executed_lines": [2, 3, 6, 7, 14, 15], "summary": {"covered_lines": 6, "num_statements": 6, "percent_covered": 100.0, "percent_covered_display": "100.00", "missing_lines": 0, "excluded_lines": 0, "num_branches": 0, "num_partial_branches": 0, "covered_branches": 0, "missing_branches": 0}, "missing_lines": [], "excluded_lines": [], "executed_branches": [], "missing_branches": [], "functions": {"GomeDigger.product_list": {"executed_lines": [14, 15], "summary": {"covered_lines": 2, "num_statements": 2, "percent_covered": 100.0, "percent_covered_display": "100.00", "missing_lines": 0, "excluded_lines": 0, "num_branches": 0, "num_partial_branches": 0, "covered_branches": 0, "missing_branches": 0}, "missing_lines": [], "excluded_lines": [], "executed_branches": [], "missing_branches": []}, "": {"executed_lines": [2, 3, 6, 7], "summary": {"covered_lines": 4, "num_statements": 4, "percent_covered": 100.0, "percent_covered_display": "100.00", "missing_lines": 0, "excluded_lines": 0, "num_branches": 0, "num_partial_branches": 0, "covered_branches": 0, "missing_branches": 0}, "missing_lines": [], "excluded_lines": [], "executed_branches": [], "missing_branches": []}}, "classes": {"GomeDigger": {"executed_lines": [14, 15], "summary": {"covered_lines": 2, "num_statements": 2, "percent_covered": 100.0, "percent_covered_display": "100.00", "missing_lines": 0, "excluded_lines": 0, "num_branches": 0, "num_partial_branches": 0, "covered_branches": 0, "missing_branches": 0}, "missing_lines": [], "excluded_lines": [], "executed_branches": [], "missing_branches": []}, "": {"executed_lines": [2, 3, 6, 7], "summary": {"covered_lines": 4, "num_statements": 4, "percent_covered": 100.0, "percent_covered_display": "100.00", "missing_lines": 0, "excluded_lines": 0, "num_branches": 0, "num_partial_branches": 0, "covered_branches": 0, "missing_branches": 0}, "missing_lines": [], "excluded_lines": [], "executed_branches": [], "missing_branches": []}}}, "spider/digger/jingdong_digger.py": {"executed_lines": [2, 3, 6, 7, 14, 15], "summary": {"covered_lines": 6, "num_statements": 6, "percent_covered": 100.0, "percent_covered_display": "100.00", "missing_lines": 0, "excluded_lines": 0, "num_branches": 0, "num_partial_branches": 0, "covered_branches": 0, "missing_branches": 0}, "missing_lines": [], "excluded_lines": [], "executed_branches": [], "missing_branches": [], "functions": {"JingdongDigger.product_list": {"executed_lines": [14, 15], "summary": {"covered_lines": 2, "num_statements": 2, "percent_covered": 100.0, "percent_covered_display": "100.00", "missing_lines": 0, "excluded_lines": 0, "num_branches": 0, "num_partial_branches": 0, "covered_branches": 0, "missing_branches": 0}, "missing_lines": [], "excluded_lines": [], "executed_branches": [], "missing_branches": []}, "": {"executed_lines": [2, 3, 6, 7], "summary": {"covered_lines": 4, "num_statements": 4, "percent_covered": 100.0, "percent_covered_display": "100.00", "missing_lines": 0, "excluded_lines": 0, "num_branches": 0, "num_partial_branches": 0, "covered_branches": 0, "missing_branches": 0}, "missing_lines": [], "excluded_lines": [], "executed_branches": [], "missing_branches": []}}, "classes": {"JingdongDigger": {"executed_lines": [14, 15], "summary": {"covered_lines": 2, "num_statements": 2, "percent_covered": 100.0, "percent_covered_display": "100.00", "missing_lines": 0, "excluded_lines": 0, "num_branches": 0, "num_partial_branches": 0, "covered_branches": 0, "missing_branches": 0}, "missing_lines": [], "excluded_lines": [], "executed_branches": [], "missing_branches": []}, "": {"executed_lines": [2, 3, 6, 7], "summary": {"covered_lines": 4, "num_statements": 4, "percent_covered": 100.0, "percent_covered_display": "100.00", "missing_lines": 0, "excluded_lines": 0, "num_branches": 0, "num_partial_branches": 0, "covered_branches": 0, "missing_branches": 0}, "missing_lines": [], "excluded_lines": [], "executed_branches": [], "missing_branches": []}}}, "spider/digger/newegg_digger.py": {"executed_lines": [2, 3, 6, 7, 14, 15], "summary": {"covered_lines": 6, "num_statements": 6, "percent_covered": 100.0, "percent_covered_display": "100.00", "missing_lines": 0, "excluded_lines": 0, "num_branches": 0, "num_partial_branches": 0, "covered_branches": 0, "missing_branches": 0}, "missing_lines": [], "excluded_lines": [], "executed_branches": [], "missing_branches": [], "functions": {"NeweggDigger.product_list": {"executed_lines": [14, 15], "summary": {"covered_lines": 2, "num_statements": 2, "percent_covered": 100.0, "percent_covered_display": "100.00", "missing_lines": 0, "excluded_lines": 0, "num_branches": 0, "num_partial_branches": 0, "covered_branches": 0, "missing_branches": 0}, "missing_lines": [], "excluded_lines": [], "executed_branches": [], "missing_branches": []}, "": {"executed_lines": [2, 3, 6, 7], "summary": {"covered_lines": 4, "num_statements": 4, "percent_covered": 100.0, "percent_covered_display": "100.00", "missing_lines": 0, "excluded_lines": 0, "num_branches": 0, "num_partial_branches": 0, "covered_branches": 0, "missing_branches": 0}, "missing_lines": [], "excluded_lines": [], "executed_branches": [], "missing_branches": []}}, "classes": {"NeweggDigger": {"executed_lines": [14, 15], "summary": {"covered_lines": 2, "num_statements": 2, "percent_covered": 100.0, "percent_covered_display": "100.00", "missing_lines": 0, "excluded_lines": 0, "num_branches": 0, "num_partial_branches": 0, "covered_branches": 0, "missing_branches": 0}, "missing_lines": [], "excluded_lines": [], "executed_branches": [], "missing_branches": []}, "": {"executed_lines": [2, 3, 6, 7], "summary": {"covered_lines": 4, "num_statements": 4, "percent_covered": 100.0, "percent_covered_display": "100.00", "missing_lines": 0, "excluded_lines": 0, "num_branches": 0, "num_partial_branches": 0, "covered_branches": 0, "missing_branches": 0}, "missing_lines": [], "excluded_lines": [], "executed_branches": [], "missing_branches": []}}}, "spider/digger/suning_digger.py": {"executed_lines": [2, 3, 6, 7, 14, 15, 16], "summary": {"covered_lines": 7, "num_statements": 7, "percent_covered": 100.0, "percent_covered_display": "100.00", "missing_lines": 0, "excluded_lines": 0, "num_branches": 0, "num_partial_branches": 0, "covered_branches": 0, "missing_branches": 0}, "missing_lines": [], "excluded_lines": [], "executed_branches": [], "missing_branches": [], "functions": {"SuningDigger.product_list": {"executed_lines": [14, 15, 16], "summary": {"covered_lines": 3, "num_statements": 3, "percent_covered": 100.0, "percent_covered_display": "100.00", "missing_lines": 0, "excluded_lines": 0, "num_branches": 0, "num_partial_branches": 0, "covered_branches": 0, "missing_branches": 0}, "missing_lines": [], "excluded_lines": [], "executed_branches": [], "missing_branches": []}, "": {"executed_lines": [2, 3, 6, 7], "summary": {"covered_lines": 4, "num_statements": 4, "percent_covered": 100.0, "percent_covered_display": "100.00", "missing_lines": 0, "excluded_lines": 0, "num_branches": 0, "num_partial_branches": 0, "covered_branches": 0, "missing_branches": 0}, "missing_lines": [], "excluded_lines": [], "executed_branches": [], "missing_branches": []}}, "classes": {"SuningDigger": {"executed_lines": [14, 15, 16], "summary": {"covered_lines": 3, "num_statements": 3, "percent_covered": 100.0, "percent_covered_display": "100.00", "missing_lines": 0, "excluded_lines": 0, "num_branches": 0, "num_partial_branches": 0, "covered_branches": 0, "missing_branches": 0}, "missing_lines": [], "excluded_lines": [], "executed_branches": [], "missing_branches": []}, "": {"executed_lines": [2, 3, 6, 7], "summary": {"covered_lines": 4, "num_statements": 4, "percent_covered": 100.0, "percent_covered_display": "100.00", "missing_lines": 0, "excluded_lines": 0, "num_branches": 0, "num_partial_branches": 0, "covered_branches": 0, "missing_branches": 0}, "missing_lines": [], "excluded_lines": [], "executed_branches": [], "missing_branches": []}}}, "spider/digger/tmall_digger.py": {"executed_lines": [2, 3, 6, 7, 14, 15], "summary": {"covered_lines": 6, "num_statements": 6, "percent_covered": 100.0, "percent_covered_display": "100.00", "missing_lines": 0, "excluded_lines": 0, "num_branches": 0, "num_partial_branches": 0, "covered_branches": 0, "missing_branches": 0}, "missing_lines": [], "excluded_lines": [], "executed_branches": [], "missing_branches": [], "functions": {"TmallDigger.product_list": {"executed_lines": [14, 15], "summary": {"covered_lines": 2, "num_statements": 2, "percent_covered": 100.0, "percent_covered_display": "100.00", "missing_lines": 0, "excluded_lines": 0, "num_branches": 0, "num_partial_branches": 0, "covered_branches": 0, "missing_branches": 0}, "missing_lines": [], "excluded_lines": [], "executed_branches": [], "missing_branches": []}, "": {"executed_lines": [2, 3, 6, 7], "summary": {"covered_lines": 4, "num_statements": 4, "percent_covered": 100.0, "percent_covered_display": "100.00", "missing_lines": 0, "excluded_lines": 0, "num_branches": 0, "num_partial_branches": 0, "covered_branches": 0, "missing_branches": 0}, "missing_lines": [], "excluded_lines": [], "executed_branches": [], "missing_branches": []}}, "classes": {"TmallDigger": {"executed_lines": [14, 15], "summary": {"covered_lines": 2, "num_statements": 2, "percent_covered": 100.0, "percent_covered_display": "100.00", "missing_lines": 0, "excluded_lines": 0, "num_branches": 0, "num_partial_branches": 0, "covered_branches": 0, "missing_branches": 0}, "missing_lines": [], "excluded_lines": [], "executed_branches": [], "missing_branches": []}, "": {"executed_lines": [2, 3, 6, 7], "summary": {"covered_lines": 4, "num_statements": 4, "percent_covered": 100.0, "percent_covered_display": "100.00", "missing_lines": 0, "excluded_lines": 0, "num_branches": 0, "num_partial_branches": 0, "covered_branches": 0, "missing_branches": 0}, "missing_lines": [], "excluded_lines": [], "executed_branches": [], "missing_branches": []}}}, "spider/downloader.py": {"executed_lines": [2, 3, 6, 7, 12, 19, 21, 29], "summary": {"covered_lines": 6, "num_statements": 6, "percent_covered": 100.0, "percent_covered_display": "100.00", "missing_lines": 0, "excluded_lines": 1, "num_branches": 0, "num_partial_branches": 0, "covered_branches": 0, "missing_branches": 0}, "missing_lines": [], "excluded_lines": [29], "executed_branches": [], "missing_branches": [], "functions": {"Downloader.max_concurrency": {"executed_lines": [19], "summary": {"covered_lines": 1, "num_statements": 1, "percent_covered": 100.0, "percent_covered_display": "100.00", "missing_lines": 0, "excluded_lines": 0, "num_branches": 0, "num_partial_branches": 0, "covered_branches": 0, "missing_branches": 0}, "missing_lines": [], "excluded_lines": [], "executed_branches": [], "missing_branches": []}, "Downloader.run": {"executed_lines": [29], "summary": {"covered_lines": 0, "num_statements": 0, "percent_covered": 100.0, "percent_covered_display": "100.00", "missing_lines": 0, "excluded_lines": 1, "num_branches": 0, "num_partial_branches": 0, "covered_branches": 0, "missing_branches": 0}, "missing_lines": [], "excluded_lines": [29], "executed_branches": [], "missing_branches": []}, "": {"executed_lines": [2, 3, 6, 7, 12, 21], "summary": {"covered_lines": 5, "num_statements": 5, "percent_covered": 100.0, "percent_covered_display": "100.00", "missing_lines": 0, "excluded_lines": 0, "num_branches": 0, "num_partial_branches": 0, "covered_branches": 0, "missing_branches": 0}, "missing_lines": [], "excluded_lines": [], "executed_branches": [], "missing_branches": []}}, "classes": {"Downloader": {"executed_lines": [19, 29], "summary": {"covered_lines": 1, "num_statements": 1, "percent_covered": 100.0, "percent_covered_display": "100.00", "missing_lines": 0, "excluded_lines": 1, "num_branches": 0, "num_partial_branches": 0, "covered_branches": 0, "missing_branches": 0}, "missing_lines": [], "excluded_lines": [29], "executed_branches": [], "missing_branches": []}, "": {"executed_lines": [2, 3, 6, 7, 12, 21], "summary": {"covered_lines": 5, "num_statements": 5, "percent_covered": 100.0, "percent_covered_display": "100.00", "missing_lines": 0, "excluded_lines": 0, "num_branches": 0, "num_partial_branches": 0, "covered_branches": 0, "missing_branches": 0}, "missing_lines": [], "excluded_lines": [], "executed_branches": [], "missing_branches": []}}}, "spider/downloader/__init__.py": {"executed_lines": [2, 3, 5, 6, 7, 8, 10, 13, 14, 15, 17], "summary": {"covered_lines": 11, "num_statements": 11, "percent_covered": 100.0, "percent_covered_display": "100.00", "missing_lines": 0, "excluded_lines": 0, "num_branches": 0, "num_partial_branches": 0, "covered_branches": 0, "missing_branches": 0}, "missing_lines": [], "excluded_lines": [], "executed_branches": [], "missing_branches": [], "functions": {"": {"executed_lines": [2, 3, 5, 6, 7, 8, 10, 13, 14, 15, 17], "summary": {"covered_lines": 11, "num_statements": 11, "percent_covered": 100.0, "percent_covered_display": "100.00", "missing_lines": 0, "excluded_lines": 0, "num_branches": 0, "num_partial_branches": 0, "covered_branches": 0, "missing_branches": 0}, "missing_lines": [], "excluded_lines": [], "executed_branches": [], "missing_branches": []}}, "classes": {"": {"executed_lines": [2, 3, 5, 6, 7, 8, 10, 13, 14, 15, 17], "summary": {"covered_lines": 11, "num_statements": 11, "percent_covered": 100.0, "percent_covered_display": "100.00", "missing_lines": 0, "excluded_lines": 0, "num_branches": 0, "num_partial_branches": 0, "covered_branches": 0, "missing_branches": 0}, "missing_lines": [], "excluded_lines": [], "executed_branches": [], "missing_branches": []}}}, "spider/downloader/em_downloader.py": {"executed_lines": [2, 3, 4, 5, 6, 9, 10, 15, 22, 24, 34, 47], "summary": {"covered_lines": 11, "num_statements": 30, "percent_covered": 32.35294117647059, "percent_covered_display": "32.35", "missing_lines": 19, "excluded_lines": 0, "num_branches": 4, "num_partial_branches": 0, "covered_branches": 0, "missing_branches": 4}, "missing_lines": [32, 41, 43, 45, 56, 57, 58, 59, 62, 65, 66, 69, 71, 73, 74, 75, 76, 77, 78], "excluded_lines": [], "executed_branches": [], "missing_branches": [[58, 59], [58, 71], [65, 66], [65, 69]], "functions": {"EmDownloader.__init__": {"executed_lines": [22], "summary": {"covered_lines": 1, "num_statements": 1, "percent_covered": 100.0, "percent_covered_display": "100.00", "missing_lines": 0, "excluded_lines": 0, "num_branches": 0, "num_partial_branches": 0, "covered_branches": 0, "missing_branches": 0}, "missing_lines": [], "excluded_lines": [], "executed_branches": [], "missing_branches": []}, "EmDownloader.run": {"executed_lines": [], "summary": {"covered_lines": 0, "num_statements": 1, "percent_covered": 0.0, "percent_covered_display": "0.00", "missing_lines": 1, "excluded_lines": 0, "num_branches": 0, "num_partial_branches": 0, "covered_branches": 0, "missing_branches": 0}, "missing_lines": [32], "excluded_lines": [], "executed_branches": [], "missing_branches": []}, "EmDownloader._run_async": {"executed_lines": [], "summary": {"covered_lines": 0, "num_statements": 3, "percent_covered": 0.0, "percent_covered_display": "0.00", "missing_lines": 3, "excluded_lines": 0, "num_branches": 0, "num_partial_branches": 0, "covered_branches": 0, "missing_branches": 0}, "missing_lines": [41, 43, 45], "excluded_lines": [], "executed_branches": [], "missing_branches": []}, "EmDownloader._fetch": {"executed_lines": [], "summary": {"covered_lines": 0, "num_statements": 15, "percent_covered": 0.0, "percent_covered_display": "0.00", "missing_lines": 15, "excluded_lines": 0, "num_branches": 4, "num_partial_branches": 0, "covered_branches": 0, "missing_branches": 4}, "missing_lines": [56, 57, 58, 59, 62, 65, 66, 69, 71, 73, 74, 75, 76, 77, 78], "excluded_lines": [], "executed_branches": [], "missing_branches": [[58, 59], [58, 71], [65, 66], [65, 69]]}, "": {"executed_lines": [2, 3, 4, 5, 6, 9, 10, 15, 24, 34, 47], "summary": {"covered_lines": 10, "num_statements": 10, "percent_covered": 100.0, "percent_covered_display": "100.00", "missing_lines": 0, "excluded_lines": 0, "num_branches": 0, "num_partial_branches": 0, "covered_branches": 0, "missing_branches": 0}, "missing_lines": [], "excluded_lines": [], "executed_branches": [], "missing_branches": []}}, "classes": {"EmDownloader": {"executed_lines": [22], "summary": {"covered_lines": 1, "num_statements": 20, "percent_covered": 4.166666666666667, "percent_covered_display": "4.17", "missing_lines": 19, "excluded_lines": 0, "num_branches": 4, "num_partial_branches": 0, "covered_branches": 0, "missing_branches": 4}, "missing_lines": [32, 41, 43, 45, 56, 57, 58, 59, 62, 65, 66, 69, 71, 73, 74, 75, 76, 77, 78], "excluded_lines": [], "executed_branches": [], "missing_branches": [[58, 59], [58, 71], [65, 66], [65, 69]]}, "": {"executed_lines": [2, 3, 4, 5, 6, 9, 10, 15, 24, 34, 47], "summary": {"covered_lines": 10, "num_statements": 10, "percent_covered": 100.0, "percent_covered_display": "100.00", "missing_lines": 0, "excluded_lines": 0, "num_branches": 0, "num_partial_branches": 0, "covered_branches": 0, "missing_branches": 0}, "missing_lines": [], "excluded_lines": [], "executed_branches": [], "missing_branches": []}}}, "spider/downloader/normal_downloader.py": {"executed_lines": [2, 3, 4, 5, 8, 9, 14, 21, 23, 30, 31, 32, 33, 36, 39, 40, 43, 45, 46, 47, 48], "summary": {"covered_lines": 20, "num_statements": 20, "percent_covered": 100.0, "percent_covered_display": "100.00", "missing_lines": 0, "excluded_lines": 0, "num_branches": 4, "num_partial_branches": 0, "covered_branches": 4, "missing_branches": 0}, "missing_lines": [], "excluded_lines": [], "executed_branches": [[30, -23], [30, 31], [39, 40], [39, 43]], "missing_branches": [], "functions": {"NormalDownloader.__init__": {"executed_lines": [21], "summary": {"covered_lines": 1, "num_statements": 1, "percent_covered": 100.0, "percent_covered_display": "100.00", "missing_lines": 0, "excluded_lines": 0, "num_branches": 0, "num_partial_branches": 0, "covered_branches": 0, "missing_branches": 0}, "missing_lines": [], "excluded_lines": [], "executed_branches": [], "missing_branches": []}, "NormalDownloader.run": {"executed_lines": [30, 31, 32, 33, 36, 39, 40, 43, 45, 46, 47, 48], "summary": {"covered_lines": 12, "num_statements": 12, "percent_covered": 100.0, "percent_covered_display": "100.00", "missing_lines": 0, "excluded_lines": 0, "num_branches": 4, "num_partial_branches": 0, "covered_branches": 4, "missing_branches": 0}, "missing_lines": [], "excluded_lines": [], "executed_branches": [[30, -23], [30, 31], [39, 40], [39, 43]], "missing_branches": []}, "": {"executed_lines": [2, 3, 4, 5, 8, 9, 14, 23], "summary": {"covered_lines": 7, "num_statements": 7, "percent_covered": 100.0, "percent_covered_display": "100.00", "missing_lines": 0, "excluded_lines": 0, "num_branches": 0, "num_partial_branches": 0, "covered_branches": 0, "missing_branches": 0}, "missing_lines": [], "excluded_lines": [], "executed_branches": [], "missing_branches": []}}, "classes": {"NormalDownloader": {"executed_lines": [21, 30, 31, 32, 33, 36, 39, 40, 43, 45, 46, 47, 48], "summary": {"covered_lines": 13, "num_statements": 13, "percent_covered": 100.0, "percent_covered_display": "100.00", "missing_lines": 0, "excluded_lines": 0, "num_branches": 4, "num_partial_branches": 0, "covered_branches": 4, "missing_branches": 0}, "missing_lines": [], "excluded_lines": [], "executed_branches": [[30, -23], [30, 31], [39, 40], [39, 43]], "missing_branches": []}, "": {"executed_lines": [2, 3, 4, 5, 8, 9, 14, 23], "summary": {"covered_lines": 7, "num_statements": 7, "percent_covered": 100.0, "percent_covered_display": "100.00", "missing_lines": 0, "excluded_lines": 0, "num_branches": 0, "num_partial_branches": 0, "covered_branches": 0, "missing_branches": 0}, "missing_lines": [], "excluded_lines": [], "executed_branches": [], "missing_branches": []}}}, "spider/downloader/ty_downloader.py": {"executed_lines": [2, 3, 4, 5, 6, 9, 10, 15, 22, 23, 25, 32, 34, 37, 38, 39, 40, 41, 42, 43, 44, 46, 56, 57, 59, 60, 63, 66, 67, 68, 70, 72, 73, 75, 76, 77, 78, 79, 80], "summary": {"covered_lines": 38, "num_statements": 38, "percent_covered": 100.0, "percent_covered_display": "100.00", "missing_lines": 0, "excluded_lines": 0, "num_branches": 8, "num_partial_branches": 0, "covered_branches": 8, "missing_branches": 0}, "missing_lines": [], "excluded_lines": [], "executed_branches": [[37, -25], [37, 38], [41, 37], [41, 42], [59, 60], [59, 72], [66, 67], [66, 70]], "missing_branches": [], "functions": {"TyDownloader.__init__": {"executed_lines": [22, 23], "summary": {"covered_lines": 2, "num_statements": 2, "percent_covered": 100.0, "percent_covered_display": "100.00", "missing_lines": 0, "excluded_lines": 0, "num_branches": 0, "num_partial_branches": 0, "covered_branches": 0, "missing_branches": 0}, "missing_lines": [], "excluded_lines": [], "executed_branches": [], "missing_branches": []}, "TyDownloader.run": {"executed_lines": [32, 34, 37, 38, 39, 40, 41, 42, 43, 44], "summary": {"covered_lines": 10, "num_statements": 10, "percent_covered": 100.0, "percent_covered_display": "100.00", "missing_lines": 0, "excluded_lines": 0, "num_branches": 4, "num_partial_branches": 0, "covered_branches": 4, "missing_branches": 0}, "missing_lines": [], "excluded_lines": [], "executed_branches": [[37, -25], [37, 38], [41, 37], [41, 42]], "missing_branches": []}, "TyDownloader._fetch": {"executed_lines": [56, 57, 59, 60, 63, 66, 67, 68, 70, 72, 73, 75, 76, 77, 78, 79, 80], "summary": {"covered_lines": 17, "num_statements": 17, "percent_covered": 100.0, "percent_covered_display": "100.00", "missing_lines": 0, "excluded_lines": 0, "num_branches": 4, "num_partial_branches": 0, "covered_branches": 4, "missing_branches": 0}, "missing_lines": [], "excluded_lines": [], "executed_branches": [[59, 60], [59, 72], [66, 67], [66, 70]], "missing_branches": []}, "": {"executed_lines": [2, 3, 4, 5, 6, 9, 10, 15, 25, 46], "summary": {"covered_lines": 9, "num_statements": 9, "percent_covered": 100.0, "percent_covered_display": "100.00", "missing_lines": 0, "excluded_lines": 0, "num_branches": 0, "num_partial_branches": 0, "covered_branches": 0, "missing_branches": 0}, "missing_lines": [], "excluded_lines": [], "executed_branches": [], "missing_branches": []}}, "classes": {"TyDownloader": {"executed_lines": [22, 23, 32, 34, 37, 38, 39, 40, 41, 42, 43, 44, 56, 57, 59, 60, 63, 66, 67, 68, 70, 72, 73, 75, 76, 77, 78, 79, 80], "summary": {"covered_lines": 29, "num_statements": 29, "percent_covered": 100.0, "percent_covered_display": "100.00", "missing_lines": 0, "excluded_lines": 0, "num_branches": 8, "num_partial_branches": 0, "covered_branches": 8, "missing_branches": 0}, "missing_lines": [], "excluded_lines": [], "executed_branches": [[37, -25], [37, 38], [41, 37], [41, 42], [59, 60], [59, 72], [66, 67], [66, 70]], "missing_branches": []}, "": {"executed_lines": [2, 3, 4, 5, 6, 9, 10, 15, 25, 46], "summary": {"covered_lines": 9, "num_statements": 9, "percent_covered": 100.0, "percent_covered_display": "100.00", "missing_lines": 0, "excluded_lines": 0, "num_branches": 0, "num_partial_branches": 0, "covered_branches": 0, "missing_branches": 0}, "missing_lines": [], "excluded_lines": [], "executed_branches": [], "missing_branches": []}}}, "spider/encoding.py": {"executed_lines": [2, 8, 9, 15, 24, 25, 36, 39, 41, 42, 48, 51, 53], "summary": {"covered_lines": 11, "num_statements": 13, "percent_covered": 86.66666666666667, "percent_covered_display": "86.67", "missing_lines": 2, "excluded_lines": 0, "num_branches": 2, "num_partial_branches": 0, "covered_branches": 2, "missing_branches": 0}, "missing_lines": [43, 45], "excluded_lines": [], "executed_branches": [[39, 41], [39, 48]], "missing_branches": [], "functions": {"Encoding.set_utf8_html": {"executed_lines": [36, 39, 41, 42, 48, 51, 53], "summary": {"covered_lines": 7, "num_statements": 9, "percent_covered": 81.81818181818181, "percent_covered_display": "81.82", "missing_lines": 2, "excluded_lines": 0, "num_branches": 2, "num_partial_branches": 0, "covered_branches": 2, "missing_branches": 0}, "missing_lines": [43, 45], "excluded_lines": [], "executed_branches": [[39, 41], [39, 48]], "missing_branches": []}, "": {"executed_lines": [2, 8, 9, 15, 24, 25], "summary": {"covered_lines": 4, "num_statements": 4, "percent_covered": 100.0, "percent_covered_display": "100.00", "missing_lines": 0, "excluded_lines": 0, "num_branches": 0, "num_partial_branches": 0, "covered_branches": 0, "missing_branches": 0}, "missing_lines": [], "excluded_lines": [], "executed_branches": [], "missing_branches": []}}, "classes": {"Encoding": {"executed_lines": [36, 39, 41, 42, 48, 51, 53], "summary": {"covered_lines": 7, "num_statements": 9, "percent_covered": 81.81818181818181, "percent_covered_display": "81.82", "missing_lines": 2, "excluded_lines": 0, "num_branches": 2, "num_partial_branches": 0, "covered_branches": 2, "missing_branches": 0}, "missing_lines": [43, 45], "excluded_lines": [], "executed_branches": [[39, 41], [39, 48]], "missing_branches": []}, "": {"executed_lines": [2, 8, 9, 15, 24, 25], "summary": {"covered_lines": 4, "num_statements": 4, "percent_covered": 100.0, "percent_covered_display": "100.00", "missing_lines": 0, "excluded_lines": 0, "num_branches": 0, "num_partial_branches": 0, "covered_branches": 0, "missing_branches": 0}, "missing_lines": [], "excluded_lines": [], "executed_branches": [], "missing_branches": []}}}, "spider/fetcher.py": {"executed_lines": [2, 5, 6, 11, 12, 20], "summary": {"covered_lines": 4, "num_statements": 4, "percent_covered": 100.0, "percent_covered_display": "100.00", "missing_lines": 0, "excluded_lines": 1, "num_branches": 0, "num_partial_branches": 0, "covered_branches": 0, "missing_branches": 0}, "missing_lines": [], "excluded_lines": [20], "executed_branches": [], "missing_branches": [], "functions": {"Fetcher.category_list": {"executed_lines": [20], "summary": {"covered_lines": 0, "num_statements": 0, "percent_covered": 100.0, "percent_covered_display": "100.00", "missing_lines": 0, "excluded_lines": 1, "num_branches": 0, "num_partial_branches": 0, "covered_branches": 0, "missing_branches": 0}, "missing_lines": [], "excluded_lines": [20], "executed_branches": [], "missing_branches": []}, "": {"executed_lines": [2, 5, 6, 11, 12], "summary": {"covered_lines": 4, "num_statements": 4, "percent_covered": 100.0, "percent_covered_display": "100.00", "missing_lines": 0, "excluded_lines": 0, "num_branches": 0, "num_partial_branches": 0, "covered_branches": 0, "missing_branches": 0}, "missing_lines": [], "excluded_lines": [], "executed_branches": [], "missing_branches": []}}, "classes": {"Fetcher": {"executed_lines": [20], "summary": {"covered_lines": 0, "num_statements": 0, "percent_covered": 100.0, "percent_covered_display": "100.00", "missing_lines": 0, "excluded_lines": 1, "num_branches": 0, "num_partial_branches": 0, "covered_branches": 0, "missing_branches": 0}, "missing_lines": [], "excluded_lines": [20], "executed_branches": [], "missing_branches": []}, "": {"executed_lines": [2, 5, 6, 11, 12], "summary": {"covered_lines": 4, "num_statements": 4, "percent_covered": 100.0, "percent_covered_display": "100.00", "missing_lines": 0, "excluded_lines": 0, "num_branches": 0, "num_partial_branches": 0, "covered_branches": 0, "missing_branches": 0}, "missing_lines": [], "excluded_lines": [], "executed_branches": [], "missing_branches": []}}}, "spider/fetcher/__init__.py": {"executed_lines": [2, 3, 5, 6, 7, 8, 10, 13, 14, 15, 16, 17, 18, 20], "summary": {"covered_lines": 14, "num_statements": 14, "percent_covered": 100.0, "percent_covered_display": "100.00", "missing_lines": 0, "excluded_lines": 0, "num_branches": 0, "num_partial_branches": 0, "covered_branches": 0, "missing_branches": 0}, "missing_lines": [], "excluded_lines": [], "executed_branches": [], "missing_branches": [], "functions": {"": {"executed_lines": [2, 3, 5, 6, 7, 8, 10, 13, 14, 15, 16, 17, 18, 20], "summary": {"covered_lines": 14, "num_statements": 14, "percent_covered": 100.0, "percent_covered_display": "100.00", "missing_lines": 0, "excluded_lines": 0, "num_branches": 0, "num_partial_branches": 0, "covered_branches": 0, "missing_branches": 0}, "missing_lines": [], "excluded_lines": [], "executed_branches": [], "missing_branches": []}}, "classes": {"": {"executed_lines": [2, 3, 5, 6, 7, 8, 10, 13, 14, 15, 16, 17, 18, 20], "summary": {"covered_lines": 14, "num_statements": 14, "percent_covered": 100.0, "percent_covered_display": "100.00", "missing_lines": 0, "excluded_lines": 0, "num_branches": 0, "num_partial_branches": 0, "covered_branches": 0, "missing_branches": 0}, "missing_lines": [], "excluded_lines": [], "executed_branches": [], "missing_branches": []}}}, "spider/fetcher/dangdang_fetcher.py": {"executed_lines": [2, 3, 4, 5, 8, 9, 12, 14, 15, 22, 23, 26, 27, 28, 30, 31, 33, 34, 35, 36, 37, 42], "summary": {"covered_lines": 21, "num_statements": 21, "percent_covered": 100.0, "percent_covered_display": "100.00", "missing_lines": 0, "excluded_lines": 0, "num_branches": 6, "num_partial_branches": 0, "covered_branches": 6, "missing_branches": 0}, "missing_lines": [], "excluded_lines": [], "executed_branches": [[27, 28], [27, 30], [34, 35], [34, 42], [36, 34], [36, 37]], "missing_branches": [], "functions": {"DangdangFetcher.category_list": {"executed_lines": [22, 23, 26, 27, 28, 30, 31, 33, 34, 35, 36, 37, 42], "summary": {"covered_lines": 13, "num_statements": 13, "percent_covered": 100.0, "percent_covered_display": "100.00", "missing_lines": 0, "excluded_lines": 0, "num_branches": 6, "num_partial_branches": 0, "covered_branches": 6, "missing_branches": 0}, "missing_lines": [], "excluded_lines": [], "executed_branches": [[27, 28], [27, 30], [34, 35], [34, 42], [36, 34], [36, 37]], "missing_branches": []}, "": {"executed_lines": [2, 3, 4, 5, 8, 9, 12, 14, 15], "summary": {"covered_lines": 8, "num_statements": 8, "percent_covered": 100.0, "percent_covered_display": "100.00", "missing_lines": 0, "excluded_lines": 0, "num_branches": 0, "num_partial_branches": 0, "covered_branches": 0, "missing_branches": 0}, "missing_lines": [], "excluded_lines": [], "executed_branches": [], "missing_branches": []}}, "classes": {"DangdangFetcher": {"executed_lines": [22, 23, 26, 27, 28, 30, 31, 33, 34, 35, 36, 37, 42], "summary": {"covered_lines": 13, "num_statements": 13, "percent_covered": 100.0, "percent_covered_display": "100.00", "missing_lines": 0, "excluded_lines": 0, "num_branches": 6, "num_partial_branches": 0, "covered_branches": 6, "missing_branches": 0}, "missing_lines": [], "excluded_lines": [], "executed_branches": [[27, 28], [27, 30], [34, 35], [34, 42], [36, 34], [36, 37]], "missing_branches": []}, "": {"executed_lines": [2, 3, 4, 5, 8, 9, 12, 14, 15], "summary": {"covered_lines": 8, "num_statements": 8, "percent_covered": 100.0, "percent_covered_display": "100.00", "missing_lines": 0, "excluded_lines": 0, "num_branches": 0, "num_partial_branches": 0, "covered_branches": 0, "missing_branches": 0}, "missing_lines": [], "excluded_lines": [], "executed_branches": [], "missing_branches": []}}}, "spider/fetcher/gome_fetcher.py": {"executed_lines": [2, 3, 4, 7, 8, 11, 13, 14, 21, 22, 24, 26, 27, 28, 29, 30, 35], "summary": {"covered_lines": 16, "num_statements": 16, "percent_covered": 100.0, "percent_covered_display": "100.00", "missing_lines": 0, "excluded_lines": 0, "num_branches": 4, "num_partial_branches": 0, "covered_branches": 4, "missing_branches": 0}, "missing_lines": [], "excluded_lines": [], "executed_branches": [[27, 28], [27, 35], [29, 27], [29, 30]], "missing_branches": [], "functions": {"GomeFetcher.category_list": {"executed_lines": [21, 22, 24, 26, 27, 28, 29, 30, 35], "summary": {"covered_lines": 9, "num_statements": 9, "percent_covered": 100.0, "percent_covered_display": "100.00", "missing_lines": 0, "excluded_lines": 0, "num_branches": 4, "num_partial_branches": 0, "covered_branches": 4, "missing_branches": 0}, "missing_lines": [], "excluded_lines": [], "executed_branches": [[27, 28], [27, 35], [29, 27], [29, 30]], "missing_branches": []}, "": {"executed_lines": [2, 3, 4, 7, 8, 11, 13, 14], "summary": {"covered_lines": 7, "num_statements": 7, "percent_covered": 100.0, "percent_covered_display": "100.00", "missing_lines": 0, "excluded_lines": 0, "num_branches": 0, "num_partial_branches": 0, "covered_branches": 0, "missing_branches": 0}, "missing_lines": [], "excluded_lines": [], "executed_branches": [], "missing_branches": []}}, "classes": {"GomeFetcher": {"executed_lines": [21, 22, 24, 26, 27, 28, 29, 30, 35], "summary": {"covered_lines": 9, "num_statements": 9, "percent_covered": 100.0, "percent_covered_display": "100.00", "missing_lines": 0, "excluded_lines": 0, "num_branches": 4, "num_partial_branches": 0, "covered_branches": 4, "missing_branches": 0}, "missing_lines": [], "excluded_lines": [], "executed_branches": [[27, 28], [27, 35], [29, 27], [29, 30]], "missing_branches": []}, "": {"executed_lines": [2, 3, 4, 7, 8, 11, 13, 14], "summary": {"covered_lines": 7, "num_statements": 7, "percent_covered": 100.0, "percent_covered_display": "100.00", "missing_lines": 0, "excluded_lines": 0, "num_branches": 0, "num_partial_branches": 0, "covered_branches": 0, "missing_branches": 0}, "missing_lines": [], "excluded_lines": [], "executed_branches": [], "missing_branches": []}}}, "spider/fetcher/jingdong_fetcher.py": {"executed_lines": [2, 3, 4, 5, 8, 9, 12, 13, 15, 16, 23, 24, 26, 28, 29, 30, 35], "summary": {"covered_lines": 16, "num_statements": 16, "percent_covered": 100.0, "percent_covered_display": "100.00", "missing_lines": 0, "excluded_lines": 0, "num_branches": 2, "num_partial_branches": 0, "covered_branches": 2, "missing_branches": 0}, "missing_lines": [], "excluded_lines": [], "executed_branches": [[29, 30], [29, 35]], "missing_branches": [], "functions": {"JingdongFetcher.category_list": {"executed_lines": [23, 24, 26, 28, 29, 30, 35], "summary": {"covered_lines": 7, "num_statements": 7, "percent_covered": 100.0, "percent_covered_display": "100.00", "missing_lines": 0, "excluded_lines": 0, "num_branches": 2, "num_partial_branches": 0, "covered_branches": 2, "missing_branches": 0}, "missing_lines": [], "excluded_lines": [], "executed_branches": [[29, 30], [29, 35]], "missing_branches": []}, "": {"executed_lines": [2, 3, 4, 5, 8, 9, 12, 13, 15, 16], "summary": {"covered_lines": 9, "num_statements": 9, "percent_covered": 100.0, "percent_covered_display": "100.00", "missing_lines": 0, "excluded_lines": 0, "num_branches": 0, "num_partial_branches": 0, "covered_branches": 0, "missing_branches": 0}, "missing_lines": [], "excluded_lines": [], "executed_branches": [], "missing_branches": []}}, "classes": {"JingdongFetcher": {"executed_lines": [23, 24, 26, 28, 29, 30, 35], "summary": {"covered_lines": 7, "num_statements": 7, "percent_covered": 100.0, "percent_covered_display": "100.00", "missing_lines": 0, "excluded_lines": 0, "num_branches": 2, "num_partial_branches": 0, "covered_branches": 2, "missing_branches": 0}, "missing_lines": [], "excluded_lines": [], "executed_branches": [[29, 30], [29, 35]], "missing_branches": []}, "": {"executed_lines": [2, 3, 4, 5, 8, 9, 12, 13, 15, 16], "summary": {"covered_lines": 9, "num_statements": 9, "percent_covered": 100.0, "percent_covered_display": "100.00", "missing_lines": 0, "excluded_lines": 0, "num_branches": 0, "num_partial_branches": 0, "covered_branches": 0, "missing_branches": 0}, "missing_lines": [], "excluded_lines": [], "executed_branches": [], "missing_branches": []}}}, "spider/fetcher/newegg_fetcher.py": {"executed_lines": [2, 3, 4, 7, 8, 11, 13, 14, 21, 22, 24, 26, 27, 28, 33], "summary": {"covered_lines": 14, "num_statements": 14, "percent_covered": 100.0, "percent_covered_display": "100.00", "missing_lines": 0, "excluded_lines": 0, "num_branches": 2, "num_partial_branches": 0, "covered_branches": 2, "missing_branches": 0}, "missing_lines": [], "excluded_lines": [], "executed_branches": [[27, 28], [27, 33]], "missing_branches": [], "functions": {"NeweggFetcher.category_list": {"executed_lines": [21, 22, 24, 26, 27, 28, 33], "summary": {"covered_lines": 7, "num_statements": 7, "percent_covered": 100.0, "percent_covered_display": "100.00", "missing_lines": 0, "excluded_lines": 0, "num_branches": 2, "num_partial_branches": 0, "covered_branches": 2, "missing_branches": 0}, "missing_lines": [], "excluded_lines": [], "executed_branches": [[27, 28], [27, 33]], "missing_branches": []}, "": {"executed_lines": [2, 3, 4, 7, 8, 11, 13, 14], "summary": {"covered_lines": 7, "num_statements": 7, "percent_covered": 100.0, "percent_covered_display": "100.00", "missing_lines": 0, "excluded_lines": 0, "num_branches": 0, "num_partial_branches": 0, "covered_branches": 0, "missing_branches": 0}, "missing_lines": [], "excluded_lines": [], "executed_branches": [], "missing_branches": []}}, "classes": {"NeweggFetcher": {"executed_lines": [21, 22, 24, 26, 27, 28, 33], "summary": {"covered_lines": 7, "num_statements": 7, "percent_covered": 100.0, "percent_covered_display": "100.00", "missing_lines": 0, "excluded_lines": 0, "num_branches": 2, "num_partial_branches": 0, "covered_branches": 2, "missing_branches": 0}, "missing_lines": [], "excluded_lines": [], "executed_branches": [[27, 28], [27, 33]], "missing_branches": []}, "": {"executed_lines": [2, 3, 4, 7, 8, 11, 13, 14], "summary": {"covered_lines": 7, "num_statements": 7, "percent_covered": 100.0, "percent_covered_display": "100.00", "missing_lines": 0, "excluded_lines": 0, "num_branches": 0, "num_partial_branches": 0, "covered_branches": 0, "missing_branches": 0}, "missing_lines": [], "excluded_lines": [], "executed_branches": [], "missing_branches": []}}}, "spider/fetcher/suning_fetcher.py": {"executed_lines": [2, 3, 4, 5, 8, 9, 12, 13, 15, 16, 23, 24, 26, 28, 29, 30, 35], "summary": {"covered_lines": 16, "num_statements": 16, "percent_covered": 100.0, "percent_covered_display": "100.00", "missing_lines": 0, "excluded_lines": 0, "num_branches": 2, "num_partial_branches": 0, "covered_branches": 2, "missing_branches": 0}, "missing_lines": [], "excluded_lines": [], "executed_branches": [[29, 30], [29, 35]], "missing_branches": [], "functions": {"SuningFetcher.category_list": {"executed_lines": [23, 24, 26, 28, 29, 30, 35], "summary": {"covered_lines": 7, "num_statements": 7, "percent_covered": 100.0, "percent_covered_display": "100.00", "missing_lines": 0, "excluded_lines": 0, "num_branches": 2, "num_partial_branches": 0, "covered_branches": 2, "missing_branches": 0}, "missing_lines": [], "excluded_lines": [], "executed_branches": [[29, 30], [29, 35]], "missing_branches": []}, "": {"executed_lines": [2, 3, 4, 5, 8, 9, 12, 13, 15, 16], "summary": {"covered_lines": 9, "num_statements": 9, "percent_covered": 100.0, "percent_covered_display": "100.00", "missing_lines": 0, "excluded_lines": 0, "num_branches": 0, "num_partial_branches": 0, "covered_branches": 0, "missing_branches": 0}, "missing_lines": [], "excluded_lines": [], "executed_branches": [], "missing_branches": []}}, "classes": {"SuningFetcher": {"executed_lines": [23, 24, 26, 28, 29, 30, 35], "summary": {"covered_lines": 7, "num_statements": 7, "percent_covered": 100.0, "percent_covered_display": "100.00", "missing_lines": 0, "excluded_lines": 0, "num_branches": 2, "num_partial_branches": 0, "covered_branches": 2, "missing_branches": 0}, "missing_lines": [], "excluded_lines": [], "executed_branches": [[29, 30], [29, 35]], "missing_branches": []}, "": {"executed_lines": [2, 3, 4, 5, 8, 9, 12, 13, 15, 16], "summary": {"covered_lines": 9, "num_statements": 9, "percent_covered": 100.0, "percent_
[...]
, 56, 59, 63, 72, 76, 80, 84, 88, 97, 98, 99, 100, 102, 103, 107], "summary": {"covered_lines": 35, "num_statements": 37, "percent_covered": 95.74468085106383, "percent_covered_display": "95.74", "missing_lines": 2, "excluded_lines": 0, "num_branches": 10, "num_partial_branches": 0, "covered_branches": 10, "missing_branches": 0}, "missing_lines": [57, 58], "excluded_lines": [], "executed_branches": [[23, 24], [23, 26], [50, 51], [50, 59], [54, 55], [54, 59], [99, 100], [99, 107], [102, 99], [102, 103]], "missing_branches": []}, "": {"executed_lines": [2, 3, 4, 5, 8, 9, 11, 16, 20, 28, 33, 37, 41, 47, 61, 65, 74, 78, 82, 86, 90], "summary": {"covered_lines": 20, "num_statements": 20, "percent_covered": 100.0, "percent_covered_display": "100.00", "missing_lines": 0, "excluded_lines": 0, "num_branches": 0, "num_partial_branches": 0, "covered_branches": 0, "missing_branches": 0}, "missing_lines": [], "excluded_lines": [], "executed_branches": [], "missing_branches": []}}}, "spider/parser/tmall_parser.py": {"executed_lines": [2, 3, 4, 5, 8, 9, 11, 13, 14, 16, 18, 19, 20, 21, 22, 23, 24, 25, 27, 29, 31, 33, 34, 35, 36, 37, 38, 39, 40, 42, 47, 49, 51, 53, 55, 56, 58, 60, 61, 63, 65, 67, 74, 76, 78, 80, 82, 84, 86, 88, 90, 92, 99], "summary": {"covered_lines": 52, "num_statements": 52, "percent_covered": 100.0, "percent_covered_display": "100.00", "missing_lines": 0, "excluded_lines": 0, "num_branches": 4, "num_partial_branches": 0, "covered_branches": 4, "missing_branches": 0}, "missing_lines": [], "excluded_lines": [], "executed_branches": [[19, 20], [19, 25], [34, 35], [34, 40]], "missing_branches": [], "functions": {"TmallParser.title": {"executed_lines": [13, 14], "summary": {"covered_lines": 2, "num_statements": 2, "percent_covered": 100.0, "percent_covered_display": "100.00", "missing_lines": 0, "excluded_lines": 0, "num_branches": 0, "num_partial_branches": 0, "covered_branches": 0, "missing_branches": 0}, "missing_lines": [], "excluded_lines": [], "executed_branches": [], "missing_branches": []}, "TmallParser.price": {"executed_lines": [18, 19, 20, 21, 22, 23, 24, 25], "summary": {"covered_lines": 8, "num_statements": 8, "percent_covered": 100.0, "percent_covered_display": "100.00", "missing_lines": 0, "excluded_lines": 0, "num_branches": 2, "num_partial_branches": 0, "covered_branches": 2, "missing_branches": 0}, "missing_lines": [], "excluded_lines": [], "executed_branches": [[19, 20], [19, 25]], "missing_branches": []}, "TmallParser.price_url": {"executed_lines": [29], "summary": {"covered_lines": 1, "num_statements": 1, "percent_covered": 100.0, "percent_covered_display": "100.00", "missing_lines": 0, "excluded_lines": 0, "num_branches": 0, "num_partial_branches": 0, "covered_branches": 0, "missing_branches": 0}, "missing_lines": [], "excluded_lines": [], "executed_branches": [], "missing_branches": []}, "TmallParser.stock": {"executed_lines": [33, 34, 35, 36, 37, 38, 39, 40], "summary": {"covered_lines": 8, "num_statements": 8, "percent_covered": 100.0, "percent_covered_display": "100.00", "missing_lines": 0, "excluded_lines": 0, "num_branches": 2, "num_partial_branches": 0, "covered_branches": 2, "missing_branches": 0}, "missing_lines": [], "excluded_lines": [], "executed_branches": [[34, 35], [34, 40]], "missing_branches": []}, "TmallParser.score": {"executed_lines": [47], "summary": {"covered_lines": 1, "num_statements": 1, "percent_covered": 100.0, "percent_covered_display": "100.00", "missing_lines": 0, "excluded_lines": 0, "num_branches": 0, "num_partial_branches": 0, "covered_branches": 0, "missing_branches": 0}, "missing_lines": [], "excluded_lines": [], "executed_branches": [], "missing_branches": []}, "TmallParser.desc": {"executed_lines": [51], "summary": {"covered_lines": 1, "num_statements": 1, "percent_covered": 100.0, "percent_covered_display": "100.00", "missing_lines": 0, "excluded_lines": 0, "num_branches": 0, "num_partial_branches": 0, "covered_branches": 0, "missing_branches": 0}, "missing_lines": [], "excluded_lines": [], "executed_branches": [], "missing_branches": []}, "TmallParser.standard": {"executed_lines": [55, 56], "summary": {"covered_lines": 2, "num_statements": 2, "percent_covered": 100.0, "percent_covered_display": "100.00", "missing_lines": 0, "excluded_lines": 0, "num_branches": 0, "num_partial_branches": 0, "covered_branches": 0, "missing_branches": 0}, "missing_lines": [], "excluded_lines": [], "executed_branches": [], "missing_branches": []}, "TmallParser.image_url": {"executed_lines": [60, 61], "summary": {"covered_lines": 2, "num_statements": 2, "percent_covered": 100.0, "percent_covered_display": "100.00", "missing_lines": 0, "excluded_lines": 0, "num_branches": 0, "num_partial_branches": 0, "covered_branches": 0, "missing_branches": 0}, "missing_lines": [], "excluded_lines": [], "executed_branches": [], "missing_branches": []}, "TmallParser.product_code": {"executed_lines": [65], "summary": {"covered_lines": 1, "num_statements": 1, "percent_covered": 100.0, "percent_covered_display": "100.00", "missing_lines": 0, "excluded_lines": 0, "num_branches": 0, "num_partial_branches": 0, "covered_branches": 0, "missing_branches": 0}, "missing_lines": [], "excluded_lines": [], "executed_branches": [], "missing_branches": []}, "TmallParser.comments": {"executed_lines": [74], "summary": {"covered_lines": 1, "num_statements": 1, "percent_covered": 100.0, "percent_covered_display": "100.00", "missing_lines": 0, "excluded_lines": 0, "num_branches": 0, "num_partial_branches": 0, "covered_branches": 0, "missing_branches": 0}, "missing_lines": [], "excluded_lines": [], "executed_branches": [], "missing_branches": []}, "TmallParser.end_product": {"executed_lines": [78], "summary": {"covered_lines": 1, "num_statements": 1, "percent_covered": 100.0, "percent_covered_display": "100.00", "missing_lines": 0, "excluded_lines": 0, "num_branches": 0, "num_partial_branches": 0, "covered_branches": 0, "missing_branches": 0}, "missing_lines": [], "excluded_lines": [], "executed_branches": [], "missing_branches": []}, "TmallParser.merchant": {"executed_lines": [82], "summary": {"covered_lines": 1, "num_statements": 1, "percent_covered": 100.0, "percent_covered_display": "100.00", "missing_lines": 0, "excluded_lines": 0, "num_branches": 0, "num_partial_branches": 0, "covered_branches": 0, "missing_branches": 0}, "missing_lines": [], "excluded_lines": [], "executed_branches": [], "missing_branches": []}, "TmallParser.brand": {"executed_lines": [86], "summary": {"covered_lines": 1, "num_statements": 1, "percent_covered": 100.0, "percent_covered_display": "100.00", "missing_lines": 0, "excluded_lines": 0, "num_branches": 0, "num_partial_branches": 0, "covered_branches": 0, "missing_branches": 0}, "missing_lines": [], "excluded_lines": [], "executed_branches": [], "missing_branches": []}, "TmallParser.brand_type": {"executed_lines": [90], "summary": {"covered_lines": 1, "num_statements": 1, "percent_covered": 100.0, "percent_covered_display": "100.00", "missing_lines": 0, "excluded_lines": 0, "num_branches": 0, "num_partial_branches": 0, "covered_branches": 0, "missing_branches": 0}, "missing_lines": [], "excluded_lines": [], "executed_branches": [], "missing_branches": []}, "TmallParser.belongs_to_categories": {"executed_lines": [99], "summary": {"covered_lines": 1, "num_statements": 1, "percent_covered": 100.0, "percent_covered_display": "100.00", "missing_lines": 0, "excluded_lines": 0, "num_branches": 0, "num_partial_branches": 0, "covered_branches": 0, "missing_branches": 0}, "missing_lines": [], "excluded_lines": [], "executed_branches": [], "missing_branches": []}, "": {"executed_lines": [2, 3, 4, 5, 8, 9, 11, 16, 27, 31, 42, 49, 53, 58, 63, 67, 76, 80, 84, 88, 92], "summary": {"covered_lines": 20, "num_statements": 20, "percent_covered": 100.0, "percent_covered_display": "100.00", "missing_lines": 0, "excluded_lines": 0, "num_branches": 0, "num_partial_branches": 0, "covered_branches": 0, "missing_branches": 0}, "missing_lines": [], "excluded_lines": [], "executed_branches": [], "missing_branches": []}}, "classes": {"TmallParser": {"executed_lines": [13, 14, 18, 19, 20, 21, 22, 23, 24, 25, 29, 33, 34, 35, 36, 37, 38, 39, 40, 47, 51, 55, 56, 60, 61, 65, 74, 78, 82, 86, 90, 99], "summary": {"covered_lines": 32, "num_statements": 32, "percent_covered": 100.0, "percent_covered_display": "100.00", "missing_lines": 0, "excluded_lines": 0, "num_branches": 4, "num_partial_branches": 0, "covered_branches": 4, "missing_branches": 0}, "missing_lines": [], "excluded_lines": [], "executed_branches": [[19, 20], [19, 25], [34, 35], [34, 40]], "missing_branches": []}, "": {"executed_lines": [2, 3, 4, 5, 8, 9, 11, 16, 27, 31, 42, 49, 53, 58, 63, 67, 76, 80, 84, 88, 92], "summary": {"covered_lines": 20, "num_statements": 20, "percent_covered": 100.0, "percent_covered_display": "100.00", "missing_lines": 0, "excluded_lines": 0, "num_branches": 0, "num_partial_branches": 0, "covered_branches": 0, "missing_branches": 0}, "missing_lines": [], "excluded_lines": [], "executed_branches": [], "missing_branches": []}}}, "spider/utils/__init__.py": {"executed_lines": [], "summary": {"covered_lines": 0, "num_statements": 0, "percent_covered": 100.0, "percent_covered_display": "100.00", "missing_lines": 0, "excluded_lines": 0, "num_branches": 0, "num_partial_branches": 0, "covered_branches": 0, "missing_branches": 0}, "missing_lines": [], "excluded_lines": [], "executed_branches": [], "missing_branches": [], "functions": {"": {"executed_lines": [], "summary": {"covered_lines": 0, "num_statements": 0, "percent_covered": 100.0, "percent_covered_display": "100.00", "missing_lines": 0, "excluded_lines": 0, "num_branches": 0, "num_partial_branches": 0, "covered_branches": 0, "missing_branches": 0}, "missing_lines": [], "excluded_lines": [], "executed_branches": [], "missing_branches": []}}, "classes": {"": {"executed_lines": [], "summary": {"covered_lines": 0, "num_statements": 0, "percent_covered": 100.0, "percent_covered_display": "100.00", "missing_lines": 0, "excluded_lines": 0, "num_branches": 0, "num_partial_branches": 0, "covered_branches": 0, "missing_branches": 0}, "missing_lines": [], "excluded_lines": [], "executed_branches": [], "missing_branches": []}}}, "spider/utils/optparse.py": {"executed_lines": [2, 7, 8, 12, 20, 83, 84, 86], "summary": {"covered_lines": 7, "num_statements": 23, "percent_covered": 33.333333333333336, "percent_covered_display": "33.33", "missing_lines": 16, "excluded_lines": 0, "num_branches": 4, "num_partial_branches": 2, "covered_branches": 2, "missing_branches": 2}, "missing_lines": [27, 38, 45, 53, 61, 68, 71, 72, 73, 74, 76, 78, 87, 88, 89, 91], "excluded_lines": [], "executed_branches": [[83, 84], [86, -1]], "missing_branches": [[83, -1], [86, 87]], "functions": {"parse_arguments": {"executed_lines": [], "summary": {"covered_lines": 0, "num_statements": 12, "percent_covered": 0.0, "percent_covered_display": "0.00", "missing_lines": 12, "excluded_lines": 0, "num_branches": 0, "num_partial_branches": 0, "covered_branches": 0, "missing_branches": 0}, "missing_lines": [27, 38, 45, 53, 61, 68, 71, 72, 73, 74, 76, 78], "excluded_lines": [], "executed_branches": [], "missing_branches": []}, "": {"executed_lines": [2, 7, 8, 12, 20, 83, 84, 86], "summary": {"covered_lines": 7, "num_statements": 11, "percent_covered": 60.0, "percent_covered_display": "60.00", "missing_lines": 4, "excluded_lines": 0, "num_branches": 4, "num_partial_branches": 2, "covered_branches": 2, "missing_branches": 2}, "missing_lines": [87, 88, 89, 91], "excluded_lines": [], "executed_branches": [[83, 84], [86, -1]], "missing_branches": [[83, -1], [86, 87]]}}, "classes": {"": {"executed_lines": [2, 7, 8, 12, 20, 83, 84, 86], "summary": {"covered_lines": 7, "num_statements": 23, "percent_covered": 33.333333333333336, "percent_covered_display": "33.33", "missing_lines": 16, "excluded_lines": 0, "num_branches": 4, "num_partial_branches": 2, "covered_branches": 2, "missing_branches": 2}, "missing_lines": [27, 38, 45, 53, 61, 68, 71, 72, 73, 74, 76, 78, 87, 88, 89, 91], "excluded_lines": [], "executed_branches": [[83, 84], [86, -1]], "missing_branches": [[83, -1], [86, 87]]}}}, "spider/utils/utils.py": {"executed_lines": [2, 7, 8, 9, 10, 11, 12, 13, 16, 17, 22, 23, 33, 34, 36, 37, 39, 40, 50, 51, 52, 53, 55, 56, 66, 68, 69, 79, 82, 83, 85, 86, 91, 92, 94, 95, 96, 97, 98, 99, 101, 102, 109, 111, 112, 114, 116, 117, 118, 119, 120, 123, 126, 128, 130, 131, 140, 142, 143, 145, 147, 148, 150, 152, 153, 155, 157, 158, 160, 162, 163, 165], "summary": {"covered_lines": 70, "num_statements": 72, "percent_covered": 95.23809523809524, "percent_covered_display": "95.24", "missing_lines": 2, "excluded_lines": 0, "num_branches": 12, "num_partial_branches": 2, "covered_branches": 10, "missing_branches": 2}, "missing_lines": [80, 124], "excluded_lines": [], "executed_branches": [[33, 34], [33, 36], [51, 52], [51, 53], [79, 82], [94, -85], [94, 95], [95, 96], [95, 97], [123, 126]], "missing_branches": [[79, 80], [123, 124]], "functions": {"Utils.valid_html": {"executed_lines": [33, 34, 36, 37], "summary": {"covered_lines": 4, "num_statements": 4, "percent_covered": 100.0, "percent_covered_display": "100.00", "missing_lines": 0, "excluded_lines": 0, "num_branches": 2, "num_partial_branches": 0, "covered_branches": 2, "missing_branches": 0}, "missing_lines": [], "excluded_lines": [], "executed_branches": [[33, 34], [33, 36]], "missing_branches": []}, "Utils.query2hash": {"executed_lines": [50, 51, 52, 53], "summary": {"covered_lines": 4, "num_statements": 4, "percent_covered": 100.0, "percent_covered_display": "100.00", "missing_lines": 0, "excluded_lines": 0, "num_branches": 2, "num_partial_branches": 0, "covered_branches": 2, "missing_branches": 0}, "missing_lines": [], "excluded_lines": [], "executed_branches": [[51, 52], [51, 53]], "missing_branches": []}, "Utils.hash2query": {"executed_lines": [66], "summary": {"covered_lines": 1, "num_statements": 1, "percent_covered": 100.0, "percent_covered_display": "100.00", "missing_lines": 0, "excluded_lines": 0, "num_branches": 0, "num_partial_branches": 0, "covered_branches": 0, "missing_branches": 0}, "missing_lines": [], "excluded_lines": [], "executed_branches": [], "missing_branches": []}, "Utils.decompress_gzip": {"executed_lines": [79, 82, 83], "summary": {"covered_lines": 3, "num_statements": 4, "percent_covered": 66.66666666666667, "percent_covered_display": "66.67", "missing_lines": 1, "excluded_lines": 0, "num_branches": 2, "num_partial_branches": 1, "covered_branches": 1, "missing_branches": 1}, "missing_lines": [80], "excluded_lines": [], "executed_branches": [[79, 82]], "missing_branches": [[79, 80]]}, "Utils.load_models": {"executed_lines": [91, 92, 94, 95, 96, 97, 98, 99], "summary": {"covered_lines": 8, "num_statements": 8, "percent_covered": 100.0, "percent_covered_display": "100.00", "missing_lines": 0, "excluded_lines": 0, "num_branches": 4, "num_partial_branches": 0, "covered_branches": 4, "missing_branches": 0}, "missing_lines": [], "excluded_lines": [], "executed_branches": [[94, -85], [94, 95], [95, 96], [95, 97]], "missing_branches": []}, "Utils.load_mongo": {"executed_lines": [109, 111, 112, 114, 116, 117, 118, 119, 120, 123, 126, 128], "summary": {"covered_lines": 12, "num_statements": 13, "percent_covered": 86.66666666666667, "percent_covered_display": "86.67", "missing_lines": 1, "excluded_lines": 0, "num_branches": 2, "num_partial_branches": 1, "covered_branches": 1, "missing_branches": 1}, "missing_lines": [124], "excluded_lines": [], "executed_branches": [[123, 126]], "missing_branches": [[123, 124]]}, "Utils.load_redis": {"executed_lines": [140], "summary": {"covered_lines": 1, "num_statements": 1, "percent_covered": 100.0, "percent_covered_display": "100.00", "missing_lines": 0, "excluded_lines": 0, "num_branches": 0, "num_partial_branches": 0, "covered_branches": 0, "missing_branches": 0}, "missing_lines": [], "excluded_lines": [], "executed_branches": [], "missing_branches": []}, "Utils.load_fetcher": {"executed_lines": [145], "summary": {"covered_lines": 1, "num_statements": 1, "percent_covered": 100.0, "percent_covered_display": "100.00", "missing_lines": 0, "excluded_lines": 0, "num_branches": 0, "num_partial_branches": 0, "covered_branches": 0, "missing_branches": 0}, "missing_lines": [], "excluded_lines": [], "executed_branches": [], "missing_branches": []}, "Utils.load_parser": {"executed_lines": [150], "summary": {"covered_lines": 1, "num_statements": 1, "percent_covered": 100.0, "percent_covered_display": "100.00", "missing_lines": 0, "excluded_lines": 0, "num_branches": 0, "num_partial_branches": 0, "covered_branches": 0, "missing_branches": 0}, "missing_lines": [], "excluded_lines": [], "executed_branches": [], "missing_branches": []}, "Utils.load_digger": {"executed_lines": [155], "summary": {"covered_lines": 1, "num_statements": 1, "percent_covered": 100.0, "percent_covered_display": "100.00", "missing_lines": 0, "excluded_lines": 0, "num_branches": 0, "num_partial_branches": 0, "covered_branches": 0, "missing_branches": 0}, "missing_lines": [], "excluded_lines": [], "executed_branches": [], "missing_branches": []}, "Utils.load_paginater": {"executed_lines": [160], "summary": {"covered_lines": 1, "num_statements": 1, "percent_covered": 100.0, "percent_covered_display": "100.00", "missing_lines": 0, "excluded_lines": 0, "num_branches": 0, "num_partial_branches": 0, "covered_branches": 0, "missing_branches": 0}, "missing_lines": [], "excluded_lines": [], "executed_branches": [], "missing_branches": []}, "Utils.load_downloader": {"executed_lines": [165], "summary": {"covered_lines": 1, "num_statements": 1, "percent_covered": 100.0, "percent_covered_display": "100.00", "missing_lines": 0, "excluded_lines": 0, "num_branches": 0, "num_partial_branches": 0, "covered_branches": 0, "missing_branches": 0}, "missing_lines": [], "excluded_lines": [], "executed_branches": [], "missing_branches": []}, "": {"executed_lines": [2, 7, 8, 9, 10, 11, 12, 13, 16, 17, 22, 23, 39, 40, 55, 56, 68, 69, 85, 86, 101, 102, 130, 131, 142, 143, 147, 148, 152, 153, 157, 158, 162, 163], "summary": {"covered_lines": 32, "num_statements": 32, "percent_covered": 100.0, "percent_covered_display": "100.00", "missing_lines": 0, "excluded_lines": 0, "num_branches": 0, "num_partial_branches": 0, "covered_branches": 0, "missing_branches": 0}, "missing_lines": [], "excluded_lines": [], "executed_branches": [], "missing_branches": []}}, "classes": {"Utils": {"executed_lines": [33, 34, 36, 37, 50, 51, 52, 53, 66, 79, 82, 83, 91, 92, 94, 95, 96, 97, 98, 99, 109, 111, 112, 114, 116, 117, 118, 119, 120, 123, 126, 128, 140, 145, 150, 155, 160, 165], "summary": {"covered_lines": 38, "num_statements": 40, "percent_covered": 92.3076923076923, "percent_covered_display": "92.31", "missing_lines": 2, "excluded_lines": 0, "num_branches": 12, "num_partial_branches": 2, "covered_branches": 10, "missing_branches": 2}, "missing_lines": [80, 124], "excluded_lines": [], "executed_branches": [[33, 34], [33, 36], [51, 52], [51, 53], [79, 82], [94, -85], [94, 95], [95, 96], [95, 97], [123, 126]], "missing_branches": [[79, 80], [123, 124]]}, "": {"executed_lines": [2, 7, 8, 9, 10, 11, 12, 13, 16, 17, 22, 23, 39, 40, 55, 56, 68, 69, 85, 86, 101, 102, 130, 131, 142, 143, 147, 148, 152, 153, 157, 158, 162, 163], "summary": {"covered_lines": 32, "num_statements": 32, "percent_covered": 100.0, "percent_covered_display": "100.00", "missing_lines": 0, "excluded_lines": 0, "num_branches": 0, "num_partial_branches": 0, "covered_branches": 0, "missing_branches": 0}, "missing_lines": [], "excluded_lines": [], "executed_branches": [], "missing_branches": []}}}}, "totals": {"covered_lines": 1366, "num_statements": 1899, "percent_covered": 69.25170068027211, "percent_covered_display": "69.25", "missing_lines": 533, "excluded_lines": 23, "num_branches": 306, "num_partial_branches": 19, "covered_branches": 161, "missing_branches": 145}}